{"C:\\Users\\Admin\\Videos\\civic-care-main-master\\api\\index.js": {"path":"C:\\Users\\Admin\\Videos\\civic-care-main-master\\api\\index.js","statementMap":{"0":{"start":{"line":1,"column":0},"end":{"line":1,"column":27}},"1":{"start":{"line":2,"column":16},"end":{"line":2,"column":34}},"2":{"start":{"line":3,"column":17},"end":{"line":3,"column":36}},"3":{"start":{"line":4,"column":13},"end":{"line":4,"column":28}},"4":{"start":{"line":5,"column":16},"end":{"line":5,"column":42}},"5":{"start":{"line":6,"column":21},"end":{"line":6,"column":45}},"6":{"start":{"line":7,"column":15},"end":{"line":7,"column":32}},"7":{"start":{"line":9,"column":12},"end":{"line":9,"column":21}},"8":{"start":{"line":13,"column":19},"end":{"line":13,"column":24}},"9":{"start":{"line":17,"column":23},"end":{"line":32,"column":1}},"10":{"start":{"line":18,"column":2},"end":{"line":18,"column":27}},"11":{"start":{"line":18,"column":20},"end":{"line":18,"column":27}},"12":{"start":{"line":19,"column":2},"end":{"line":31,"column":3}},"13":{"start":{"line":20,"column":4},"end":{"line":20,"column":49}},"14":{"start":{"line":21,"column":4},"end":{"line":21,"column":51}},"15":{"start":{"line":22,"column":4},"end":{"line":22,"column":61}},"16":{"start":{"line":23,"column":4},"end":{"line":23,"column":59}},"17":{"start":{"line":24,"column":4},"end":{"line":24,"column":53}},"18":{"start":{"line":25,"column":4},"end":{"line":25,"column":55}},"19":{"start":{"line":26,"column":4},"end":{"line":26,"column":24}},"20":{"start":{"line":27,"column":4},"end":{"line":27,"column":58}},"21":{"start":{"line":29,"column":4},"end":{"line":29,"column":54}},"22":{"start":{"line":30,"column":4},"end":{"line":30,"column":14}},"23":{"start":{"line":35,"column":0},"end":{"line":35,"column":50}},"24":{"start":{"line":36,"column":0},"end":{"line":36,"column":51}},"25":{"start":{"line":37,"column":0},"end":{"line":37,"column":24}},"26":{"start":{"line":38,"column":0},"end":{"line":38,"column":48}},"27":{"start":{"line":39,"column":0},"end":{"line":39,"column":24}},"28":{"start":{"line":42,"column":18},"end":{"line":50,"column":1}},"29":{"start":{"line":43,"column":2},"end":{"line":43,"column":50}},"30":{"start":{"line":43,"column":43},"end":{"line":43,"column":50}},"31":{"start":{"line":45,"column":2},"end":{"line":45,"column":40}},"32":{"start":{"line":46,"column":2},"end":{"line":49,"column":5}},"33":{"start":{"line":53,"column":0},"end":{"line":81,"column":3}},"34":{"start":{"line":54,"column":2},"end":{"line":80,"column":3}},"35":{"start":{"line":56,"column":4},"end":{"line":56,"column":22}},"36":{"start":{"line":59,"column":4},"end":{"line":67,"column":5}},"37":{"start":{"line":60,"column":27},"end":{"line":60,"column":70}},"38":{"start":{"line":61,"column":6},"end":{"line":65,"column":9}},"39":{"start":{"line":66,"column":6},"end":{"line":66,"column":50}},"40":{"start":{"line":70,"column":4},"end":{"line":70,"column":21}},"41":{"start":{"line":72,"column":4},"end":{"line":72,"column":11}},"42":{"start":{"line":74,"column":4},"end":{"line":74,"column":62}},"43":{"start":{"line":75,"column":4},"end":{"line":79,"column":7}},"44":{"start":{"line":84,"column":0},"end":{"line":84,"column":80}},"45":{"start":{"line":84,"column":52},"end":{"line":84,"column":78}},"46":{"start":{"line":85,"column":0},"end":{"line":85,"column":85}},"47":{"start":{"line":85,"column":56},"end":{"line":85,"column":83}},"48":{"start":{"line":86,"column":0},"end":{"line":86,"column":100}},"49":{"start":{"line":86,"column":66},"end":{"line":86,"column":98}},"50":{"start":{"line":87,"column":0},"end":{"line":87,"column":95}},"51":{"start":{"line":87,"column":62},"end":{"line":87,"column":93}},"52":{"start":{"line":88,"column":0},"end":{"line":88,"column":86}},"53":{"start":{"line":88,"column":56},"end":{"line":88,"column":84}},"54":{"start":{"line":89,"column":0},"end":{"line":89,"column":91}},"55":{"start":{"line":89,"column":60},"end":{"line":89,"column":89}},"56":{"start":{"line":92,"column":0},"end":{"line":99,"column":3}},"57":{"start":{"line":93,"column":2},"end":{"line":98,"column":5}},"58":{"start":{"line":101,"column":0},"end":{"line":103,"column":3}},"59":{"start":{"line":102,"column":2},"end":{"line":102,"column":78}},"60":{"start":{"line":105,"column":0},"end":{"line":105,"column":21}},"61":{"start":{"line":107,"column":0},"end":{"line":122,"column":1}},"62":{"start":{"line":108,"column":2},"end":{"line":121,"column":5}},"63":{"start":{"line":109,"column":17},"end":{"line":109,"column":41}},"64":{"start":{"line":110,"column":19},"end":{"line":110,"column":93}},"65":{"start":{"line":110,"column":42},"end":{"line":110,"column":92}},"66":{"start":{"line":113,"column":23},"end":{"line":113,"column":43}},"67":{"start":{"line":114,"column":15},"end":{"line":116,"column":6}},"68":{"start":{"line":117,"column":4},"end":{"line":120,"column":7}},"69":{"start":{"line":118,"column":6},"end":{"line":118,"column":63}},"70":{"start":{"line":119,"column":6},"end":{"line":119,"column":86}},"71":{"start":{"line":119,"column":36},"end":{"line":119,"column":84}}},"fnMap":{"0":{"name":"(anonymous_0)","decl":{"start":{"line":17,"column":23},"end":{"line":17,"column":24}},"loc":{"start":{"line":17,"column":29},"end":{"line":32,"column":1}},"line":17},"1":{"name":"(anonymous_1)","decl":{"start":{"line":42,"column":18},"end":{"line":42,"column":19}},"loc":{"start":{"line":42,"column":30},"end":{"line":50,"column":1}},"line":42},"2":{"name":"(anonymous_2)","decl":{"start":{"line":53,"column":8},"end":{"line":53,"column":9}},"loc":{"start":{"line":53,"column":34},"end":{"line":81,"column":1}},"line":53},"3":{"name":"(anonymous_3)","decl":{"start":{"line":84,"column":32},"end":{"line":84,"column":33}},"loc":{"start":{"line":84,"column":52},"end":{"line":84,"column":78}},"line":84},"4":{"name":"(anonymous_4)","decl":{"start":{"line":85,"column":36},"end":{"line":85,"column":37}},"loc":{"start":{"line":85,"column":56},"end":{"line":85,"column":83}},"line":85},"5":{"name":"(anonymous_5)","decl":{"start":{"line":86,"column":46},"end":{"line":86,"column":47}},"loc":{"start":{"line":86,"column":66},"end":{"line":86,"column":98}},"line":86},"6":{"name":"(anonymous_6)","decl":{"start":{"line":87,"column":42},"end":{"line":87,"column":43}},"loc":{"start":{"line":87,"column":62},"end":{"line":87,"column":93}},"line":87},"7":{"name":"(anonymous_7)","decl":{"start":{"line":88,"column":36},"end":{"line":88,"column":37}},"loc":{"start":{"line":88,"column":56},"end":{"line":88,"column":84}},"line":88},"8":{"name":"(anonymous_8)","decl":{"start":{"line":89,"column":40},"end":{"line":89,"column":41}},"loc":{"start":{"line":89,"column":60},"end":{"line":89,"column":89}},"line":89},"9":{"name":"(anonymous_9)","decl":{"start":{"line":92,"column":36},"end":{"line":92,"column":37}},"loc":{"start":{"line":92,"column":50},"end":{"line":99,"column":1}},"line":92},"10":{"name":"(anonymous_10)","decl":{"start":{"line":101,"column":13},"end":{"line":101,"column":14}},"loc":{"start":{"line":101,"column":27},"end":{"line":103,"column":1}},"line":101},"11":{"name":"(anonymous_11)","decl":{"start":{"line":108,"column":19},"end":{"line":108,"column":20}},"loc":{"start":{"line":108,"column":25},"end":{"line":121,"column":3}},"line":108},"12":{"name":"(anonymous_12)","decl":{"start":{"line":110,"column":36},"end":{"line":110,"column":37}},"loc":{"start":{"line":110,"column":42},"end":{"line":110,"column":92}},"line":110},"13":{"name":"(anonymous_13)","decl":{"start":{"line":117,"column":24},"end":{"line":117,"column":25}},"loc":{"start":{"line":117,"column":36},"end":{"line":120,"column":5}},"line":117},"14":{"name":"(anonymous_14)","decl":{"start":{"line":119,"column":30},"end":{"line":119,"column":31}},"loc":{"start":{"line":119,"column":36},"end":{"line":119,"column":84}},"line":119}},"branchMap":{"0":{"loc":{"start":{"line":18,"column":2},"end":{"line":18,"column":27}},"type":"if","locations":[{"start":{"line":18,"column":2},"end":{"line":18,"column":27}},{"start":{},"end":{}}],"line":18},"1":{"loc":{"start":{"line":43,"column":2},"end":{"line":43,"column":50}},"type":"if","locations":[{"start":{"line":43,"column":2},"end":{"line":43,"column":50}},{"start":{},"end":{}}],"line":43},"2":{"loc":{"start":{"line":59,"column":4},"end":{"line":67,"column":5}},"type":"if","locations":[{"start":{"line":59,"column":4},"end":{"line":67,"column":5}},{"start":{},"end":{}}],"line":59},"3":{"loc":{"start":{"line":59,"column":8},"end":{"line":59,"column":41}},"type":"binary-expr","locations":[{"start":{"line":59,"column":8},"end":{"line":59,"column":14}},{"start":{"line":59,"column":18},"end":{"line":59,"column":41}}],"line":59},"4":{"loc":{"start":{"line":78,"column":13},"end":{"line":78,"column":75}},"type":"cond-expr","locations":[{"start":{"line":78,"column":54},"end":{"line":78,"column":63}},{"start":{"line":78,"column":66},"end":{"line":78,"column":75}}],"line":78},"5":{"loc":{"start":{"line":107,"column":0},"end":{"line":122,"column":1}},"type":"if","locations":[{"start":{"line":107,"column":0},"end":{"line":122,"column":1}},{"start":{},"end":{}}],"line":107},"6":{"loc":{"start":{"line":109,"column":17},"end":{"line":109,"column":41}},"type":"binary-expr","locations":[{"start":{"line":109,"column":17},"end":{"line":109,"column":33}},{"start":{"line":109,"column":37},"end":{"line":109,"column":41}}],"line":109}},"s":{"0":1,"1":1,"2":1,"3":1,"4":1,"5":1,"6":1,"7":1,"8":1,"9":1,"10":12,"11":11,"12":1,"13":1,"14":1,"15":1,"16":1,"17":1,"18":1,"19":1,"20":1,"21":0,"22":0,"23":1,"24":1,"25":1,"26":1,"27":1,"28":1,"29":12,"30":12,"31":0,"32":0,"33":1,"34":12,"35":12,"36":12,"37":1,"38":1,"39":1,"40":12,"41":12,"42":0,"43":0,"44":1,"45":12,"46":1,"47":0,"48":1,"49":0,"50":1,"51":0,"52":1,"53":0,"54":1,"55":0,"56":1,"57":0,"58":1,"59":0,"60":1,"61":1,"62":0,"63":0,"64":0,"65":0,"66":0,"67":0,"68":0,"69":0,"70":0,"71":0},"f":{"0":12,"1":12,"2":12,"3":12,"4":0,"5":0,"6":0,"7":0,"8":0,"9":0,"10":0,"11":0,"12":0,"13":0,"14":0},"b":{"0":[11,1],"1":[12,0],"2":[1,11],"3":[12,1],"4":[0,0],"5":[0,1],"6":[0,0]},"_coverageSchema":"1a1c01bbd47fc00a2c39e90264f33305004495a9","hash":"f9a60df797975a32f55d98d663d6ab343fee1187"}
,"C:\\Users\\Admin\\Videos\\civic-care-main-master\\config\\slaConfig.js": {"path":"C:\\Users\\Admin\\Videos\\civic-care-main-master\\config\\slaConfig.js","statementMap":{"0":{"start":{"line":5,"column":19},"end":{"line":51,"column":1}},"1":{"start":{"line":56,"column":24},"end":{"line":62,"column":1}},"2":{"start":{"line":57,"column":14},"end":{"line":57,"column":48}},"3":{"start":{"line":58,"column":15},"end":{"line":58,"column":50}},"4":{"start":{"line":60,"column":22},"end":{"line":60,"column":57}},"5":{"start":{"line":61,"column":2},"end":{"line":61,"column":49}},"6":{"start":{"line":64,"column":0},"end":{"line":67,"column":2}}},"fnMap":{"0":{"name":"(anonymous_0)","decl":{"start":{"line":56,"column":24},"end":{"line":56,"column":25}},"loc":{"start":{"line":56,"column":48},"end":{"line":62,"column":1}},"line":56}},"branchMap":{"0":{"loc":{"start":{"line":57,"column":14},"end":{"line":57,"column":48}},"type":"binary-expr","locations":[{"start":{"line":57,"column":14},"end":{"line":57,"column":37}},{"start":{"line":57,"column":41},"end":{"line":57,"column":48}}],"line":57},"1":{"loc":{"start":{"line":58,"column":15},"end":{"line":58,"column":50}},"type":"binary-expr","locations":[{"start":{"line":58,"column":15},"end":{"line":58,"column":38}},{"start":{"line":58,"column":42},"end":{"line":58,"column":50}}],"line":58},"2":{"loc":{"start":{"line":60,"column":22},"end":{"line":60,"column":57}},"type":"binary-expr","locations":[{"start":{"line":60,"column":22},"end":{"line":60,"column":37}},{"start":{"line":60,"column":41},"end":{"line":60,"column":57}}],"line":60},"3":{"loc":{"start":{"line":61,"column":9},"end":{"line":61,"column":48}},"type":"binary-expr","locations":[{"start":{"line":61,"column":9},"end":{"line":61,"column":26}},{"start":{"line":61,"column":30},"end":{"line":61,"column":48}}],"line":61}},"s":{"0":1,"1":1,"2":0,"3":0,"4":0,"5":0,"6":1},"f":{"0":0},"b":{"0":[0,0],"1":[0,0],"2":[0,0],"3":[0,0]},"_coverageSchema":"1a1c01bbd47fc00a2c39e90264f33305004495a9","hash":"bedc78dfccd9f9f92c97370342e38fa85d237b61"}
,"C:\\Users\\Admin\\Videos\\civic-care-main-master\\controllers\\analyticsController.js": {"path":"C:\\Users\\Admin\\Videos\\civic-care-main-master\\controllers\\analyticsController.js","statementMap":{"0":{"start":{"line":1,"column":19},"end":{"line":1,"column":50}},"1":{"start":{"line":2,"column":33},"end":{"line":2,"column":80}},"2":{"start":{"line":4,"column":0},"end":{"line":40,"column":2}},"3":{"start":{"line":5,"column":2},"end":{"line":39,"column":3}},"4":{"start":{"line":6,"column":40},"end":{"line":6,"column":48}},"5":{"start":{"line":8,"column":4},"end":{"line":10,"column":5}},"6":{"start":{"line":9,"column":6},"end":{"line":9,"column":77}},"7":{"start":{"line":12,"column":19},"end":{"line":12,"column":68}},"8":{"start":{"line":14,"column":4},"end":{"line":16,"column":5}},"9":{"start":{"line":15,"column":6},"end":{"line":15,"column":83}},"10":{"start":{"line":19,"column":22},"end":{"line":24,"column":7}},"11":{"start":{"line":19,"column":43},"end":{"line":24,"column":5}},"12":{"start":{"line":26,"column":27},"end":{"line":26,"column":86}},"13":{"start":{"line":28,"column":4},"end":{"line":35,"column":7}},"14":{"start":{"line":33,"column":52},"end":{"line":33,"column":57}},"15":{"start":{"line":37,"column":4},"end":{"line":37,"column":54}},"16":{"start":{"line":38,"column":4},"end":{"line":38,"column":85}}},"fnMap":{"0":{"name":"(anonymous_0)","decl":{"start":{"line":4,"column":28},"end":{"line":4,"column":29}},"loc":{"start":{"line":4,"column":48},"end":{"line":40,"column":1}},"line":4},"1":{"name":"(anonymous_1)","decl":{"start":{"line":19,"column":33},"end":{"line":19,"column":34}},"loc":{"start":{"line":19,"column":43},"end":{"line":24,"column":5}},"line":19},"2":{"name":"(anonymous_2)","decl":{"start":{"line":33,"column":46},"end":{"line":33,"column":47}},"loc":{"start":{"line":33,"column":52},"end":{"line":33,"column":57}},"line":33}},"branchMap":{"0":{"loc":{"start":{"line":8,"column":4},"end":{"line":10,"column":5}},"type":"if","locations":[{"start":{"line":8,"column":4},"end":{"line":10,"column":5}},{"start":{},"end":{}}],"line":8},"1":{"loc":{"start":{"line":8,"column":8},"end":{"line":8,"column":70}},"type":"binary-expr","locations":[{"start":{"line":8,"column":8},"end":{"line":8,"column":17}},{"start":{"line":8,"column":21},"end":{"line":8,"column":45}},{"start":{"line":8,"column":49},"end":{"line":8,"column":70}}],"line":8},"2":{"loc":{"start":{"line":14,"column":4},"end":{"line":16,"column":5}},"type":"if","locations":[{"start":{"line":14,"column":4},"end":{"line":16,"column":5}},{"start":{},"end":{}}],"line":14},"3":{"loc":{"start":{"line":23,"column":16},"end":{"line":23,"column":41}},"type":"binary-expr","locations":[{"start":{"line":23,"column":16},"end":{"line":23,"column":36}},{"start":{"line":23,"column":40},"end":{"line":23,"column":41}}],"line":23}},"s":{"0":1,"1":1,"2":1,"3":0,"4":0,"5":0,"6":0,"7":0,"8":0,"9":0,"10":0,"11":0,"12":0,"13":0,"14":0,"15":0,"16":0},"f":{"0":0,"1":0,"2":0},"b":{"0":[0,0],"1":[0,0,0],"2":[0,0],"3":[0,0]},"_coverageSchema":"1a1c01bbd47fc00a2c39e90264f33305004495a9","hash":"8dbfc86a9c8f5f7b195ff4422e7267d4b59af102"}
,"C:\\Users\\Admin\\Videos\\civic-care-main-master\\controllers\\anomalyController.js": {"path":"C:\\Users\\Admin\\Videos\\civic-care-main-master\\controllers\\anomalyController.js","statementMap":{"0":{"start":{"line":1,"column":19},"end":{"line":1,"column":50}},"1":{"start":{"line":2,"column":21},"end":{"line":2,"column":56}},"2":{"start":{"line":7,"column":0},"end":{"line":103,"column":2}},"3":{"start":{"line":8,"column":2},"end":{"line":102,"column":3}},"4":{"start":{"line":9,"column":15},"end":{"line":9,"column":32}},"5":{"start":{"line":10,"column":22},"end":{"line":10,"column":24}},"6":{"start":{"line":13,"column":25},"end":{"line":13,"column":71}},"7":{"start":{"line":14,"column":31},"end":{"line":14,"column":78}},"8":{"start":{"line":16,"column":25},"end":{"line":27,"column":6}},"9":{"start":{"line":29,"column":31},"end":{"line":41,"column":6}},"10":{"start":{"line":43,"column":4},"end":{"line":56,"column":5}},"11":{"start":{"line":44,"column":23},"end":{"line":44,"column":81}},"12":{"start":{"line":44,"column":52},"end":{"line":44,"column":80}},"13":{"start":{"line":45,"column":26},"end":{"line":45,"column":58}},"14":{"start":{"line":47,"column":6},"end":{"line":55,"column":7}},"15":{"start":{"line":48,"column":8},"end":{"line":54,"column":11}},"16":{"start":{"line":59,"column":27},"end":{"line":59,"column":57}},"17":{"start":{"line":61,"column":25},"end":{"line":64,"column":6}},"18":{"start":{"line":66,"column":25},"end":{"line":66,"column":26}},"19":{"start":{"line":67,"column":4},"end":{"line":75,"column":7}},"20":{"start":{"line":68,"column":21},"end":{"line":68,"column":67}},"21":{"start":{"line":69,"column":29},"end":{"line":69,"column":68}},"22":{"start":{"line":70,"column":23},"end":{"line":70,"column":92}},"23":{"start":{"line":72,"column":6},"end":{"line":74,"column":7}},"24":{"start":{"line":73,"column":8},"end":{"line":73,"column":25}},"25":{"start":{"line":77,"column":4},"end":{"line":84,"column":5}},"26":{"start":{"line":78,"column":6},"end":{"line":83,"column":9}},"27":{"start":{"line":86,"column":4},"end":{"line":88,"column":5}},"28":{"start":{"line":87,"column":6},"end":{"line":87,"column":51}},"29":{"start":{"line":90,"column":4},"end":{"line":97,"column":7}},"30":{"start":{"line":100,"column":4},"end":{"line":100,"column":55}},"31":{"start":{"line":101,"column":4},"end":{"line":101,"column":85}}},"fnMap":{"0":{"name":"(anonymous_0)","decl":{"start":{"line":7,"column":26},"end":{"line":7,"column":27}},"loc":{"start":{"line":7,"column":46},"end":{"line":103,"column":1}},"line":7},"1":{"name":"(anonymous_1)","decl":{"start":{"line":44,"column":47},"end":{"line":44,"column":48}},"loc":{"start":{"line":44,"column":52},"end":{"line":44,"column":80}},"line":44},"2":{"name":"(anonymous_2)","decl":{"start":{"line":67,"column":25},"end":{"line":67,"column":26}},"loc":{"start":{"line":67,"column":34},"end":{"line":75,"column":5}},"line":67}},"branchMap":{"0":{"loc":{"start":{"line":45,"column":26},"end":{"line":45,"column":58}},"type":"cond-expr","locations":[{"start":{"line":45,"column":37},"end":{"line":45,"column":54}},{"start":{"line":45,"column":57},"end":{"line":45,"column":58}}],"line":45},"1":{"loc":{"start":{"line":47,"column":6},"end":{"line":55,"column":7}},"type":"if","locations":[{"start":{"line":47,"column":6},"end":{"line":55,"column":7}},{"start":{},"end":{}}],"line":47},"2":{"loc":{"start":{"line":47,"column":10},"end":{"line":47,"column":58}},"type":"binary-expr","locations":[{"start":{"line":47,"column":10},"end":{"line":47,"column":39}},{"start":{"line":47,"column":43},"end":{"line":47,"column":58}}],"line":47},"3":{"loc":{"start":{"line":68,"column":21},"end":{"line":68,"column":67}},"type":"binary-expr","locations":[{"start":{"line":68,"column":21},"end":{"line":68,"column":47}},{"start":{"line":68,"column":51},"end":{"line":68,"column":67}}],"line":68},"4":{"loc":{"start":{"line":69,"column":29},"end":{"line":69,"column":68}},"type":"binary-expr","locations":[{"start":{"line":69,"column":29},"end":{"line":69,"column":51}},{"start":{"line":69,"column":55},"end":{"line":69,"column":68}}],"line":69},"5":{"loc":{"start":{"line":72,"column":6},"end":{"line":74,"column":7}},"type":"if","locations":[{"start":{"line":72,"column":6},"end":{"line":74,"column":7}},{"start":{},"end":{}}],"line":72},"6":{"loc":{"start":{"line":77,"column":4},"end":{"line":84,"column":5}},"type":"if","locations":[{"start":{"line":77,"column":4},"end":{"line":84,"column":5}},{"start":{},"end":{}}],"line":77},"7":{"loc":{"start":{"line":80,"column":18},"end":{"line":80,"column":59}},"type":"cond-expr","locations":[{"start":{"line":80,"column":40},"end":{"line":80,"column":50}},{"start":{"line":80,"column":53},"end":{"line":80,"column":59}}],"line":80}},"s":{"0":1,"1":1,"2":1,"3":0,"4":0,"5":0,"6":0,"7":0,"8":0,"9":0,"10":0,"11":0,"12":0,"13":0,"14":0,"15":0,"16":0,"17":0,"18":0,"19":0,"20":0,"21":0,"22":0,"23":0,"24":0,"25":0,"26":0,"27":0,"28":0,"29":0,"30":0,"31":0},"f":{"0":0,"1":0,"2":0},"b":{"0":[0,0],"1":[0,0],"2":[0,0],"3":[0,0],"4":[0,0],"5":[0,0],"6":[0,0],"7":[0,0]},"_coverageSchema":"1a1c01bbd47fc00a2c39e90264f33305004495a9","hash":"9e2b06a27d65bed13547acf0b0c595f814f9f0e5"}
,"C:\\Users\\Admin\\Videos\\civic-care-main-master\\controllers\\authController.js": {"path":"C:\\Users\\Admin\\Videos\\civic-care-main-master\\controllers\\authController.js","statementMap":{"0":{"start":{"line":1,"column":13},"end":{"line":1,"column":38}},"1":{"start":{"line":2,"column":21},"end":{"line":2,"column":54}},"2":{"start":{"line":3,"column":12},"end":{"line":3,"column":35}},"3":{"start":{"line":4,"column":15},"end":{"line":4,"column":32}},"4":{"start":{"line":7,"column":28},"end":{"line":13,"column":1}},"5":{"start":{"line":8,"column":2},"end":{"line":12,"column":4}},"6":{"start":{"line":16,"column":29},"end":{"line":25,"column":1}},"7":{"start":{"line":17,"column":16},"end":{"line":17,"column":54}},"8":{"start":{"line":18,"column":23},"end":{"line":23,"column":4}},"9":{"start":{"line":24,"column":2},"end":{"line":24,"column":22}},"10":{"start":{"line":27,"column":18},"end":{"line":27,"column":38}},"11":{"start":{"line":28,"column":15},"end":{"line":28,"column":32}},"12":{"start":{"line":29,"column":21},"end":{"line":29,"column":56}},"13":{"start":{"line":31,"column":0},"end":{"line":69,"column":2}},"14":{"start":{"line":32,"column":2},"end":{"line":68,"column":3}},"15":{"start":{"line":33,"column":49},"end":{"line":33,"column":57}},"16":{"start":{"line":35,"column":25},"end":{"line":35,"column":54}},"17":{"start":{"line":36,"column":4},"end":{"line":38,"column":5}},"18":{"start":{"line":37,"column":6},"end":{"line":37,"column":70}},"19":{"start":{"line":40,"column":17},"end":{"line":45,"column":6}},"20":{"start":{"line":47,"column":24},"end":{"line":47,"column":49}},"21":{"start":{"line":48,"column":25},"end":{"line":48,"column":65}},"22":{"start":{"line":51,"column":4},"end":{"line":58,"column":7}},"23":{"start":{"line":60,"column":4},"end":{"line":65,"column":7}},"24":{"start":{"line":67,"column":4},"end":{"line":67,"column":67}},"25":{"start":{"line":71,"column":0},"end":{"line":114,"column":2}},"26":{"start":{"line":72,"column":2},"end":{"line":113,"column":3}},"27":{"start":{"line":73,"column":32},"end":{"line":73,"column":40}},"28":{"start":{"line":75,"column":4},"end":{"line":77,"column":5}},"29":{"start":{"line":76,"column":6},"end":{"line":76,"column":84}},"30":{"start":{"line":79,"column":17},"end":{"line":79,"column":66}},"31":{"start":{"line":80,"column":4},"end":{"line":82,"column":5}},"32":{"start":{"line":81,"column":6},"end":{"line":81,"column":78}},"33":{"start":{"line":85,"column":4},"end":{"line":91,"column":5}},"34":{"start":{"line":86,"column":6},"end":{"line":90,"column":9}},"35":{"start":{"line":93,"column":24},"end":{"line":93,"column":49}},"36":{"start":{"line":94,"column":25},"end":{"line":94,"column":65}},"37":{"start":{"line":97,"column":4},"end":{"line":103,"column":7}},"38":{"start":{"line":105,"column":4},"end":{"line":110,"column":7}},"39":{"start":{"line":112,"column":4},"end":{"line":112,"column":67}},"40":{"start":{"line":117,"column":0},"end":{"line":132,"column":2}},"41":{"start":{"line":118,"column":2},"end":{"line":131,"column":3}},"42":{"start":{"line":119,"column":17},"end":{"line":119,"column":49}},"43":{"start":{"line":120,"column":4},"end":{"line":120,"column":90}},"44":{"start":{"line":120,"column":26},"end":{"line":120,"column":90}},"45":{"start":{"line":122,"column":19},"end":{"line":122,"column":83}},"46":{"start":{"line":123,"column":22},"end":{"line":123,"column":64}},"47":{"start":{"line":125,"column":4},"end":{"line":125,"column":36}},"48":{"start":{"line":126,"column":4},"end":{"line":126,"column":22}},"49":{"start":{"line":128,"column":4},"end":{"line":128,"column":67}},"50":{"start":{"line":130,"column":4},"end":{"line":130,"column":68}},"51":{"start":{"line":135,"column":0},"end":{"line":181,"column":2}},"52":{"start":{"line":136,"column":2},"end":{"line":180,"column":3}},"53":{"start":{"line":137,"column":33},"end":{"line":137,"column":41}},"54":{"start":{"line":138,"column":17},"end":{"line":138,"column":29}},"55":{"start":{"line":141,"column":4},"end":{"line":145,"column":5}},"56":{"start":{"line":142,"column":22},"end":{"line":142,"column":67}},"57":{"start":{"line":143,"column":6},"end":{"line":143,"column":84}},"58":{"start":{"line":143,"column":47},"end":{"line":143,"column":84}},"59":{"start":{"line":144,"column":6},"end":{"line":144,"column":26}},"60":{"start":{"line":147,"column":17},"end":{"line":147,"column":66}},"61":{"start":{"line":148,"column":20},"end":{"line":152,"column":6}},"62":{"start":{"line":154,"column":4},"end":{"line":154,"column":81}},"63":{"start":{"line":154,"column":18},"end":{"line":154,"column":81}},"64":{"start":{"line":156,"column":4},"end":{"line":159,"column":5}},"65":{"start":{"line":157,"column":6},"end":{"line":157,"column":30}},"66":{"start":{"line":158,"column":6},"end":{"line":158,"column":24}},"67":{"start":{"line":161,"column":24},"end":{"line":161,"column":49}},"68":{"start":{"line":162,"column":25},"end":{"line":162,"column":65}},"69":{"start":{"line":164,"column":4},"end":{"line":170,"column":7}},"70":{"start":{"line":172,"column":4},"end":{"line":177,"column":7}},"71":{"start":{"line":179,"column":4},"end":{"line":179,"column":67}},"72":{"start":{"line":183,"column":0},"end":{"line":211,"column":2}},"73":{"start":{"line":184,"column":2},"end":{"line":210,"column":3}},"74":{"start":{"line":185,"column":22},"end":{"line":185,"column":30}},"75":{"start":{"line":186,"column":4},"end":{"line":186,"column":86}},"76":{"start":{"line":186,"column":16},"end":{"line":186,"column":86}},"77":{"start":{"line":188,"column":25},"end":{"line":188,"column":79}},"78":{"start":{"line":189,"column":4},"end":{"line":191,"column":5}},"79":{"start":{"line":190,"column":6},"end":{"line":190,"column":83}},"80":{"start":{"line":194,"column":28},"end":{"line":194,"column":81}},"81":{"start":{"line":195,"column":4},"end":{"line":195,"column":38}},"82":{"start":{"line":196,"column":4},"end":{"line":196,"column":38}},"83":{"start":{"line":197,"column":4},"end":{"line":197,"column":57}},"84":{"start":{"line":198,"column":4},"end":{"line":198,"column":30}},"85":{"start":{"line":201,"column":24},"end":{"line":201,"column":62}},"86":{"start":{"line":203,"column":4},"end":{"line":207,"column":7}},"87":{"start":{"line":209,"column":4},"end":{"line":209,"column":67}},"88":{"start":{"line":213,"column":0},"end":{"line":229,"column":2}},"89":{"start":{"line":214,"column":2},"end":{"line":228,"column":3}},"90":{"start":{"line":215,"column":22},"end":{"line":215,"column":30}},"91":{"start":{"line":216,"column":4},"end":{"line":216,"column":78}},"92":{"start":{"line":216,"column":16},"end":{"line":216,"column":78}},"93":{"start":{"line":218,"column":25},"end":{"line":218,"column":62}},"94":{"start":{"line":219,"column":4},"end":{"line":219,"column":83}},"95":{"start":{"line":219,"column":23},"end":{"line":219,"column":83}},"96":{"start":{"line":221,"column":4},"end":{"line":221,"column":38}},"97":{"start":{"line":222,"column":4},"end":{"line":222,"column":38}},"98":{"start":{"line":223,"column":4},"end":{"line":223,"column":30}},"99":{"start":{"line":225,"column":4},"end":{"line":225,"column":74}},"100":{"start":{"line":227,"column":4},"end":{"line":227,"column":67}},"101":{"start":{"line":231,"column":0},"end":{"line":241,"column":2}},"102":{"start":{"line":232,"column":2},"end":{"line":240,"column":3}},"103":{"start":{"line":233,"column":17},"end":{"line":233,"column":49}},"104":{"start":{"line":234,"column":4},"end":{"line":237,"column":7}},"105":{"start":{"line":239,"column":4},"end":{"line":239,"column":67}},"106":{"start":{"line":243,"column":0},"end":{"line":257,"column":2}},"107":{"start":{"line":244,"column":2},"end":{"line":256,"column":3}},"108":{"start":{"line":245,"column":24},"end":{"line":248,"column":6}},"109":{"start":{"line":250,"column":4},"end":{"line":253,"column":7}},"110":{"start":{"line":255,"column":4},"end":{"line":255,"column":67}},"111":{"start":{"line":259,"column":0},"end":{"line":271,"column":2}},"112":{"start":{"line":260,"column":2},"end":{"line":270,"column":3}},"113":{"start":{"line":261,"column":41},"end":{"line":261,"column":49}},"114":{"start":{"line":262,"column":17},"end":{"line":266,"column":25}},"115":{"start":{"line":267,"column":4},"end":{"line":267,"column":64}},"116":{"start":{"line":269,"column":4},"end":{"line":269,"column":67}},"117":{"start":{"line":273,"column":0},"end":{"line":280,"column":2}},"118":{"start":{"line":274,"column":2},"end":{"line":279,"column":3}},"119":{"start":{"line":275,"column":17},"end":{"line":275,"column":69}},"120":{"start":{"line":276,"column":4},"end":{"line":276,"column":64}},"121":{"start":{"line":278,"column":4},"end":{"line":278,"column":67}}},"fnMap":{"0":{"name":"(anonymous_0)","decl":{"start":{"line":7,"column":28},"end":{"line":7,"column":29}},"loc":{"start":{"line":7,"column":38},"end":{"line":13,"column":1}},"line":7},"1":{"name":"(anonymous_1)","decl":{"start":{"line":16,"column":29},"end":{"line":16,"column":30}},"loc":{"start":{"line":16,"column":56},"end":{"line":25,"column":1}},"line":16},"2":{"name":"(anonymous_2)","decl":{"start":{"line":31,"column":19},"end":{"line":31,"column":20}},"loc":{"start":{"line":31,"column":39},"end":{"line":69,"column":1}},"line":31},"3":{"name":"(anonymous_3)","decl":{"start":{"line":71,"column":16},"end":{"line":71,"column":17}},"loc":{"start":{"line":71,"column":36},"end":{"line":114,"column":1}},"line":71},"4":{"name":"(anonymous_4)","decl":{"start":{"line":117,"column":19},"end":{"line":117,"column":20}},"loc":{"start":{"line":117,"column":39},"end":{"line":132,"column":1}},"line":117},"5":{"name":"(anonymous_5)","decl":{"start":{"line":135,"column":20},"end":{"line":135,"column":21}},"loc":{"start":{"line":135,"column":40},"end":{"line":181,"column":1}},"line":135},"6":{"name":"(anonymous_6)","decl":{"start":{"line":183,"column":23},"end":{"line":183,"column":24}},"loc":{"start":{"line":183,"column":43},"end":{"line":211,"column":1}},"line":183},"7":{"name":"(anonymous_7)","decl":{"start":{"line":213,"column":22},"end":{"line":213,"column":23}},"loc":{"start":{"line":213,"column":42},"end":{"line":229,"column":1}},"line":213},"8":{"name":"(anonymous_8)","decl":{"start":{"line":231,"column":16},"end":{"line":231,"column":17}},"loc":{"start":{"line":231,"column":36},"end":{"line":241,"column":1}},"line":231},"9":{"name":"(anonymous_9)","decl":{"start":{"line":243,"column":24},"end":{"line":243,"column":25}},"loc":{"start":{"line":243,"column":44},"end":{"line":257,"column":1}},"line":243},"10":{"name":"(anonymous_10)","decl":{"start":{"line":259,"column":28},"end":{"line":259,"column":29}},"loc":{"start":{"line":259,"column":48},"end":{"line":271,"column":1}},"line":259},"11":{"name":"(anonymous_11)","decl":{"start":{"line":273,"column":21},"end":{"line":273,"column":22}},"loc":{"start":{"line":273,"column":41},"end":{"line":280,"column":1}},"line":273}},"branchMap":{"0":{"loc":{"start":{"line":36,"column":4},"end":{"line":38,"column":5}},"type":"if","locations":[{"start":{"line":36,"column":4},"end":{"line":38,"column":5}},{"start":{},"end":{}}],"line":36},"1":{"loc":{"start":{"line":44,"column":12},"end":{"line":44,"column":29}},"type":"binary-expr","locations":[{"start":{"line":44,"column":12},"end":{"line":44,"column":16}},{"start":{"line":44,"column":20},"end":{"line":44,"column":29}}],"line":44},"2":{"loc":{"start":{"line":75,"column":4},"end":{"line":77,"column":5}},"type":"if","locations":[{"start":{"line":75,"column":4},"end":{"line":77,"column":5}},{"start":{},"end":{}}],"line":75},"3":{"loc":{"start":{"line":75,"column":8},"end":{"line":75,"column":27}},"type":"binary-expr","locations":[{"start":{"line":75,"column":8},"end":{"line":75,"column":14}},{"start":{"line":75,"column":18},"end":{"line":75,"column":27}}],"line":75},"4":{"loc":{"start":{"line":80,"column":4},"end":{"line":82,"column":5}},"type":"if","locations":[{"start":{"line":80,"column":4},"end":{"line":82,"column":5}},{"start":{},"end":{}}],"line":80},"5":{"loc":{"start":{"line":80,"column":8},"end":{"line":80,"column":56}},"type":"binary-expr","locations":[{"start":{"line":80,"column":8},"end":{"line":80,"column":13}},{"start":{"line":80,"column":17},"end":{"line":80,"column":56}}],"line":80},"6":{"loc":{"start":{"line":85,"column":4},"end":{"line":91,"column":5}},"type":"if","locations":[{"start":{"line":85,"column":4},"end":{"line":91,"column":5}},{"start":{},"end":{}}],"line":85},"7":{"loc":{"start":{"line":120,"column":4},"end":{"line":120,"column":90}},"type":"if","locations":[{"start":{"line":120,"column":4},"end":{"line":120,"column":90}},{"start":{},"end":{}}],"line":120},"8":{"loc":{"start":{"line":141,"column":4},"end":{"line":145,"column":5}},"type":"if","locations":[{"start":{"line":141,"column":4},"end":{"line":145,"column":5}},{"start":{},"end":{}}],"line":141},"9":{"loc":{"start":{"line":143,"column":6},"end":{"line":143,"column":84}},"type":"if","locations":[{"start":{"line":143,"column":6},"end":{"line":143,"column":84}},{"start":{},"end":{}}],"line":143},"10":{"loc":{"start":{"line":154,"column":4},"end":{"line":154,"column":81}},"type":"if","locations":[{"start":{"line":154,"column":4},"end":{"line":154,"column":81}},{"start":{},"end":{}}],"line":154},"11":{"loc":{"start":{"line":156,"column":4},"end":{"line":159,"column":5}},"type":"if","locations":[{"start":{"line":156,"column":4},"end":{"line":159,"column":5}},{"start":{},"end":{}}],"line":156},"12":{"loc":{"start":{"line":186,"column":4},"end":{"line":186,"column":86}},"type":"if","locations":[{"start":{"line":186,"column":4},"end":{"line":186,"column":86}},{"start":{},"end":{}}],"line":186},"13":{"loc":{"start":{"line":189,"column":4},"end":{"line":191,"column":5}},"type":"if","locations":[{"start":{"line":189,"column":4},"end":{"line":191,"column":5}},{"start":{},"end":{}}],"line":189},"14":{"loc":{"start":{"line":189,"column":8},"end":{"line":189,"column":47}},"type":"binary-expr","locations":[{"start":{"line":189,"column":8},"end":{"line":189,"column":21}},{"start":{"line":189,"column":25},"end":{"line":189,"column":47}}],"line":189},"15":{"loc":{"start":{"line":216,"column":4},"end":{"line":216,"column":78}},"type":"if","locations":[{"start":{"line":216,"column":4},"end":{"line":216,"column":78}},{"start":{},"end":{}}],"line":216},"16":{"loc":{"start":{"line":219,"column":4},"end":{"line":219,"column":83}},"type":"if","locations":[{"start":{"line":219,"column":4},"end":{"line":219,"column":83}},{"start":{},"end":{}}],"line":219}},"s":{"0":1,"1":1,"2":1,"3":1,"4":1,"5":6,"6":1,"7":6,"8":6,"9":6,"10":1,"11":1,"12":1,"13":1,"14":2,"15":2,"16":2,"17":2,"18":1,"19":1,"20":1,"21":1,"22":1,"23":1,"24":0,"25":1,"26":5,"27":5,"28":5,"29":0,"30":5,"31":5,"32":1,"33":4,"34":0,"35":4,"36":4,"37":4,"38":4,"39":0,"40":1,"41":2,"42":2,"43":2,"44":0,"45":2,"46":2,"47":2,"48":2,"49":2,"50":0,"51":1,"52":1,"53":1,"54":1,"55":1,"56":0,"57":0,"58":0,"59":0,"60":1,"61":1,"62":1,"63":0,"64":1,"65":1,"66":1,"67":1,"68":1,"69":1,"70":1,"71":0,"72":1,"73":0,"74":0,"75":0,"76":0,"77":0,"78":0,"79":0,"80":0,"81":0,"82":0,"83":0,"84":0,"85":0,"86":0,"87":0,"88":1,"89":0,"90":0,"91":0,"92":0,"93":0,"94":0,"95":0,"96":0,"97":0,"98":0,"99":0,"100":0,"101":1,"102":1,"103":1,"104":1,"105":0,"106":1,"107":0,"108":0,"109":0,"110":0,"111":1,"112":0,"113":0,"114":0,"115":0,"116":0,"117":1,"118":0,"119":0,"120":0,"121":0},"f":{"0":6,"1":6,"2":2,"3":5,"4":2,"5":1,"6":0,"7":0,"8":1,"9":0,"10":0,"11":0},"b":{"0":[1,1],"1":[1,1],"2":[0,5],"3":[5,5],"4":[1,4],"5":[5,5],"6":[0,4],"7":[0,2],"8":[0,1],"9":[0,0],"10":[0,1],"11":[1,0],"12":[0,0],"13":[0,0],"14":[0,0],"15":[0,0],"16":[0,0]},"_coverageSchema":"1a1c01bbd47fc00a2c39e90264f33305004495a9","hash":"5a45359c016816072b36036942cc0aeffa3a988f"}
,"C:\\Users\\Admin\\Videos\\civic-care-main-master\\controllers\\departmentController.js": {"path":"C:\\Users\\Admin\\Videos\\civic-care-main-master\\controllers\\departmentController.js","statementMap":{"0":{"start":{"line":1,"column":19},"end":{"line":1,"column":50}},"1":{"start":{"line":3,"column":0},"end":{"line":10,"column":2}},"2":{"start":{"line":4,"column":2},"end":{"line":9,"column":3}},"3":{"start":{"line":5,"column":24},"end":{"line":5,"column":66}},"4":{"start":{"line":6,"column":4},"end":{"line":6,"column":67}},"5":{"start":{"line":8,"column":4},"end":{"line":8,"column":67}},"6":{"start":{"line":12,"column":0},"end":{"line":19,"column":2}},"7":{"start":{"line":13,"column":2},"end":{"line":18,"column":3}},"8":{"start":{"line":14,"column":20},"end":{"line":14,"column":53}},"9":{"start":{"line":15,"column":4},"end":{"line":15,"column":63}},"10":{"start":{"line":17,"column":4},"end":{"line":17,"column":67}}},"fnMap":{"0":{"name":"(anonymous_0)","decl":{"start":{"line":3,"column":28},"end":{"line":3,"column":29}},"loc":{"start":{"line":3,"column":48},"end":{"line":10,"column":1}},"line":3},"1":{"name":"(anonymous_1)","decl":{"start":{"line":12,"column":27},"end":{"line":12,"column":28}},"loc":{"start":{"line":12,"column":47},"end":{"line":19,"column":1}},"line":12}},"branchMap":{},"s":{"0":1,"1":1,"2":0,"3":0,"4":0,"5":0,"6":1,"7":0,"8":0,"9":0,"10":0},"f":{"0":0,"1":0},"b":{},"_coverageSchema":"1a1c01bbd47fc00a2c39e90264f33305004495a9","hash":"45de542d40d07a4b961fac08f5225afc2af036c7"}
,"C:\\Users\\Admin\\Videos\\civic-care-main-master\\controllers\\forecastController.js": {"path":"C:\\Users\\Admin\\Videos\\civic-care-main-master\\controllers\\forecastController.js","statementMap":{"0":{"start":{"line":1,"column":19},"end":{"line":1,"column":40}},"1":{"start":{"line":2,"column":19},"end":{"line":2,"column":50}},"2":{"start":{"line":7,"column":0},"end":{"line":95,"column":2}},"3":{"start":{"line":8,"column":2},"end":{"line":94,"column":3}},"4":{"start":{"line":9,"column":36},"end":{"line":9,"column":45}},"5":{"start":{"line":12,"column":26},"end":{"line":12,"column":73}},"6":{"start":{"line":13,"column":19},"end":{"line":13,"column":57}},"7":{"start":{"line":14,"column":4},"end":{"line":14,"column":45}},"8":{"start":{"line":14,"column":18},"end":{"line":14,"column":45}},"9":{"start":{"line":16,"column":27},"end":{"line":25,"column":6}},"10":{"start":{"line":27,"column":4},"end":{"line":33,"column":5}},"11":{"start":{"line":28,"column":6},"end":{"line":32,"column":9}},"12":{"start":{"line":36,"column":19},"end":{"line":36,"column":69}},"13":{"start":{"line":36,"column":52},"end":{"line":36,"column":68}},"14":{"start":{"line":37,"column":19},"end":{"line":37,"column":44}},"15":{"start":{"line":38,"column":56},"end":{"line":38,"column":62}},"16":{"start":{"line":41,"column":24},"end":{"line":41,"column":26}},"17":{"start":{"line":42,"column":23},"end":{"line":42,"column":44}},"18":{"start":{"line":43,"column":27},"end":{"line":43,"column":72}},"19":{"start":{"line":44,"column":21},"end":{"line":44,"column":45}},"20":{"start":{"line":46,"column":4},"end":{"line":55,"column":5}},"21":{"start":{"line":46,"column":17},"end":{"line":46,"column":18}},"22":{"start":{"line":47,"column":27},"end":{"line":47,"column":60}},"23":{"start":{"line":48,"column":19},"end":{"line":48,"column":37}},"24":{"start":{"line":49,"column":6},"end":{"line":49,"column":39}},"25":{"start":{"line":51,"column":6},"end":{"line":54,"column":9}},"26":{"start":{"line":58,"column":22},"end":{"line":66,"column":5}},"27":{"start":{"line":68,"column":32},"end":{"line":68,"column":80}},"28":{"start":{"line":68,"column":63},"end":{"line":68,"column":76}},"29":{"start":{"line":69,"column":24},"end":{"line":69,"column":28}},"30":{"start":{"line":70,"column":28},"end":{"line":70,"column":86}},"31":{"start":{"line":72,"column":4},"end":{"line":89,"column":7}},"32":{"start":{"line":81,"column":45},"end":{"line":81,"column":76}},"33":{"start":{"line":92,"column":4},"end":{"line":92,"column":49}},"34":{"start":{"line":93,"column":4},"end":{"line":93,"column":85}}},"fnMap":{"0":{"name":"(anonymous_0)","decl":{"start":{"line":7,"column":22},"end":{"line":7,"column":23}},"loc":{"start":{"line":7,"column":42},"end":{"line":95,"column":1}},"line":7},"1":{"name":"(anonymous_1)","decl":{"start":{"line":36,"column":38},"end":{"line":36,"column":39}},"loc":{"start":{"line":36,"column":52},"end":{"line":36,"column":68}},"line":36},"2":{"name":"(anonymous_2)","decl":{"start":{"line":68,"column":51},"end":{"line":68,"column":52}},"loc":{"start":{"line":68,"column":63},"end":{"line":68,"column":76}},"line":68},"3":{"name":"(anonymous_3)","decl":{"start":{"line":81,"column":39},"end":{"line":81,"column":40}},"loc":{"start":{"line":81,"column":45},"end":{"line":81,"column":76}},"line":81}},"branchMap":{"0":{"loc":{"start":{"line":9,"column":12},"end":{"line":9,"column":21}},"type":"default-arg","locations":[{"start":{"line":9,"column":19},"end":{"line":9,"column":21}}],"line":9},"1":{"loc":{"start":{"line":14,"column":4},"end":{"line":14,"column":45}},"type":"if","locations":[{"start":{"line":14,"column":4},"end":{"line":14,"column":45}},{"start":{},"end":{}}],"line":14},"2":{"loc":{"start":{"line":27,"column":4},"end":{"line":33,"column":5}},"type":"if","locations":[{"start":{"line":27,"column":4},"end":{"line":33,"column":5}},{"start":{},"end":{}}],"line":27},"3":{"loc":{"start":{"line":70,"column":51},"end":{"line":70,"column":85}},"type":"binary-expr","locations":[{"start":{"line":70,"column":51},"end":{"line":70,"column":70}},{"start":{"line":70,"column":74},"end":{"line":70,"column":85}}],"line":70},"4":{"loc":{"start":{"line":78,"column":17},"end":{"line":78,"column":62}},"type":"cond-expr","locations":[{"start":{"line":78,"column":35},"end":{"line":78,"column":47}},{"start":{"line":78,"column":50},"end":{"line":78,"column":62}}],"line":78},"5":{"loc":{"start":{"line":79,"column":22},"end":{"line":79,"column":69}},"type":"cond-expr","locations":[{"start":{"line":79,"column":33},"end":{"line":79,"column":39}},{"start":{"line":79,"column":42},"end":{"line":79,"column":69}}],"line":79},"6":{"loc":{"start":{"line":79,"column":42},"end":{"line":79,"column":69}},"type":"cond-expr","locations":[{"start":{"line":79,"column":53},"end":{"line":79,"column":61}},{"start":{"line":79,"column":64},"end":{"line":79,"column":69}}],"line":79}},"s":{"0":1,"1":1,"2":1,"3":0,"4":0,"5":0,"6":0,"7":0,"8":0,"9":0,"10":0,"11":0,"12":0,"13":0,"14":0,"15":0,"16":0,"17":0,"18":0,"19":0,"20":0,"21":0,"22":0,"23":0,"24":0,"25":0,"26":0,"27":0,"28":0,"29":0,"30":0,"31":0,"32":0,"33":0,"34":0},"f":{"0":0,"1":0,"2":0,"3":0},"b":{"0":[0],"1":[0,0],"2":[0,0],"3":[0,0],"4":[0,0],"5":[0,0],"6":[0,0]},"_coverageSchema":"1a1c01bbd47fc00a2c39e90264f33305004495a9","hash":"6d6ec22e5d37b98fd33fb4e56a872425abe4799d"}
,"C:\\Users\\Admin\\Videos\\civic-care-main-master\\controllers\\issueController.js": {"path":"C:\\Users\\Admin\\Videos\\civic-care-main-master\\controllers\\issueController.js","statementMap":{"0":{"start":{"line":1,"column":17},"end":{"line":1,"column":36}},"1":{"start":{"line":2,"column":19},"end":{"line":2,"column":50}},"2":{"start":{"line":3,"column":19},"end":{"line":3,"column":50}},"3":{"start":{"line":4,"column":20},"end":{"line":4,"column":52}},"4":{"start":{"line":5,"column":18},"end":{"line":5,"column":48}},"5":{"start":{"line":6,"column":16},"end":{"line":6,"column":44}},"6":{"start":{"line":7,"column":13},"end":{"line":7,"column":38}},"7":{"start":{"line":8,"column":21},"end":{"line":8,"column":56}},"8":{"start":{"line":9,"column":34},"end":{"line":9,"column":82}},"9":{"start":{"line":10,"column":31},"end":{"line":10,"column":76}},"10":{"start":{"line":11,"column":33},"end":{"line":11,"column":80}},"11":{"start":{"line":12,"column":21},"end":{"line":12,"column":56}},"12":{"start":{"line":13,"column":26},"end":{"line":13,"column":66}},"13":{"start":{"line":16,"column":19},"end":{"line":21,"column":1}},"14":{"start":{"line":17,"column":13},"end":{"line":17,"column":30}},"15":{"start":{"line":18,"column":2},"end":{"line":20,"column":3}},"16":{"start":{"line":19,"column":4},"end":{"line":19,"column":25}},"17":{"start":{"line":23,"column":0},"end":{"line":62,"column":2}},"18":{"start":{"line":24,"column":2},"end":{"line":61,"column":3}},"19":{"start":{"line":25,"column":63},"end":{"line":25,"column":72}},"20":{"start":{"line":26,"column":19},"end":{"line":26,"column":21}},"21":{"start":{"line":27,"column":4},"end":{"line":27,"column":45}},"22":{"start":{"line":27,"column":18},"end":{"line":27,"column":45}},"23":{"start":{"line":28,"column":4},"end":{"line":28,"column":39}},"24":{"start":{"line":28,"column":16},"end":{"line":28,"column":39}},"25":{"start":{"line":29,"column":4},"end":{"line":29,"column":45}},"26":{"start":{"line":29,"column":18},"end":{"line":29,"column":45}},"27":{"start":{"line":30,"column":4},"end":{"line":32,"column":5}},"28":{"start":{"line":31,"column":6},"end":{"line":31,"column":68}},"29":{"start":{"line":34,"column":16},"end":{"line":36,"column":25}},"30":{"start":{"line":38,"column":4},"end":{"line":38,"column":52}},"31":{"start":{"line":38,"column":15},"end":{"line":38,"column":52}},"32":{"start":{"line":40,"column":19},"end":{"line":40,"column":30}},"33":{"start":{"line":43,"column":27},"end":{"line":56,"column":7}},"34":{"start":{"line":44,"column":21},"end":{"line":44,"column":67}},"35":{"start":{"line":45,"column":22},"end":{"line":45,"column":105}},"36":{"start":{"line":46,"column":20},"end":{"line":46,"column":65}},"37":{"start":{"line":48,"column":6},"end":{"line":55,"column":8}},"38":{"start":{"line":50,"column":34},"end":{"line":50,"column":47}},"39":{"start":{"line":53,"column":39},"end":{"line":53,"column":63}},"40":{"start":{"line":54,"column":42},"end":{"line":54,"column":69}},"41":{"start":{"line":58,"column":4},"end":{"line":58,"column":70}},"42":{"start":{"line":60,"column":4},"end":{"line":60,"column":67}},"43":{"start":{"line":64,"column":0},"end":{"line":101,"column":2}},"44":{"start":{"line":65,"column":2},"end":{"line":100,"column":3}},"45":{"start":{"line":66,"column":19},"end":{"line":66,"column":29}},"46":{"start":{"line":70,"column":4},"end":{"line":75,"column":5}},"47":{"start":{"line":71,"column":6},"end":{"line":71,"column":38}},"48":{"start":{"line":74,"column":6},"end":{"line":74,"column":66}},"49":{"start":{"line":77,"column":18},"end":{"line":80,"column":43}},"50":{"start":{"line":82,"column":4},"end":{"line":82,"column":76}},"51":{"start":{"line":82,"column":16},"end":{"line":82,"column":76}},"52":{"start":{"line":84,"column":19},"end":{"line":84,"column":65}},"53":{"start":{"line":85,"column":20},"end":{"line":85,"column":103}},"54":{"start":{"line":86,"column":18},"end":{"line":86,"column":63}},"55":{"start":{"line":88,"column":4},"end":{"line":97,"column":7}},"56":{"start":{"line":93,"column":34},"end":{"line":93,"column":47}},"57":{"start":{"line":99,"column":4},"end":{"line":99,"column":67}},"58":{"start":{"line":103,"column":18},"end":{"line":103,"column":47}},"59":{"start":{"line":105,"column":0},"end":{"line":207,"column":2}},"60":{"start":{"line":106,"column":2},"end":{"line":206,"column":3}},"61":{"start":{"line":107,"column":76},"end":{"line":107,"column":84}},"62":{"start":{"line":110,"column":21},"end":{"line":110,"column":62}},"63":{"start":{"line":113,"column":31},"end":{"line":118,"column":6}},"64":{"start":{"line":122,"column":21},"end":{"line":122,"column":53}},"65":{"start":{"line":123,"column":24},"end":{"line":123,"column":50}},"66":{"start":{"line":125,"column":26},"end":{"line":130,"column":6}},"67":{"start":{"line":133,"column":32},"end":{"line":133,"column":62}},"68":{"start":{"line":134,"column":21},"end":{"line":134,"column":87}},"69":{"start":{"line":135,"column":24},"end":{"line":135,"column":72}},"70":{"start":{"line":138,"column":23},"end":{"line":138,"column":54}},"71":{"start":{"line":139,"column":23},"end":{"line":144,"column":6}},"72":{"start":{"line":148,"column":16},"end":{"line":148,"column":106}},"73":{"start":{"line":149,"column":16},"end":{"line":149,"column":110}},"74":{"start":{"line":151,"column":4},"end":{"line":153,"column":5}},"75":{"start":{"line":152,"column":6},"end":{"line":152,"column":90}},"76":{"start":{"line":154,"column":4},"end":{"line":156,"column":5}},"77":{"start":{"line":155,"column":6},"end":{"line":155,"column":91}},"78":{"start":{"line":158,"column":22},"end":{"line":177,"column":5}},"79":{"start":{"line":179,"column":21},"end":{"line":179,"column":55}},"80":{"start":{"line":182,"column":4},"end":{"line":190,"column":5}},"81":{"start":{"line":183,"column":27},"end":{"line":188,"column":9}},"82":{"start":{"line":183,"column":50},"end":{"line":188,"column":7}},"83":{"start":{"line":189,"column":6},"end":{"line":189,"column":48}},"84":{"start":{"line":192,"column":4},"end":{"line":195,"column":7}},"85":{"start":{"line":197,"column":4},"end":{"line":202,"column":7}},"86":{"start":{"line":204,"column":4},"end":{"line":204,"column":48}},"87":{"start":{"line":205,"column":4},"end":{"line":205,"column":67}},"88":{"start":{"line":209,"column":0},"end":{"line":233,"column":2}},"89":{"start":{"line":210,"column":2},"end":{"line":232,"column":3}},"90":{"start":{"line":211,"column":32},"end":{"line":211,"column":40}},"91":{"start":{"line":212,"column":18},"end":{"line":215,"column":21}},"92":{"start":{"line":217,"column":4},"end":{"line":217,"column":76}},"93":{"start":{"line":217,"column":16},"end":{"line":217,"column":76}},"94":{"start":{"line":220,"column":4},"end":{"line":225,"column":7}},"95":{"start":{"line":227,"column":4},"end":{"line":227,"column":44}},"96":{"start":{"line":229,"column":4},"end":{"line":229,"column":61}},"97":{"start":{"line":231,"column":4},"end":{"line":231,"column":67}},"98":{"start":{"line":235,"column":0},"end":{"line":271,"column":2}},"99":{"start":{"line":236,"column":2},"end":{"line":270,"column":3}},"100":{"start":{"line":237,"column":19},"end":{"line":237,"column":29}},"101":{"start":{"line":238,"column":26},"end":{"line":238,"column":34}},"102":{"start":{"line":239,"column":19},"end":{"line":239,"column":30}},"103":{"start":{"line":241,"column":25},"end":{"line":245,"column":6}},"104":{"start":{"line":247,"column":4},"end":{"line":265,"column":5}},"105":{"start":{"line":248,"column":6},"end":{"line":248,"column":58}},"106":{"start":{"line":249,"column":6},"end":{"line":249,"column":69}},"107":{"start":{"line":251,"column":19},"end":{"line":255,"column":8}},"108":{"start":{"line":258,"column":20},"end":{"line":258,"column":49}},"109":{"start":{"line":259,"column":6},"end":{"line":262,"column":7}},"110":{"start":{"line":260,"column":8},"end":{"line":260,"column":42}},"111":{"start":{"line":261,"column":8},"end":{"line":261,"column":76}},"112":{"start":{"line":261,"column":31},"end":{"line":261,"column":76}},"113":{"start":{"line":264,"column":6},"end":{"line":264,"column":79}},"114":{"start":{"line":267,"column":4},"end":{"line":267,"column":53}},"115":{"start":{"line":269,"column":4},"end":{"line":269,"column":67}},"116":{"start":{"line":273,"column":0},"end":{"line":318,"column":2}},"117":{"start":{"line":274,"column":2},"end":{"line":317,"column":3}},"118":{"start":{"line":275,"column":19},"end":{"line":275,"column":29}},"119":{"start":{"line":276,"column":21},"end":{"line":276,"column":29}},"120":{"start":{"line":277,"column":19},"end":{"line":277,"column":30}},"121":{"start":{"line":280,"column":22},"end":{"line":280,"column":60}},"122":{"start":{"line":282,"column":24},"end":{"line":289,"column":5}},"123":{"start":{"line":291,"column":20},"end":{"line":291,"column":53}},"124":{"start":{"line":293,"column":4},"end":{"line":299,"column":5}},"125":{"start":{"line":294,"column":6},"end":{"line":298,"column":9}},"126":{"start":{"line":301,"column":4},"end":{"line":306,"column":5}},"127":{"start":{"line":302,"column":6},"end":{"line":305,"column":9}},"128":{"start":{"line":309,"column":18},"end":{"line":309,"column":71}},"129":{"start":{"line":310,"column":4},"end":{"line":312,"column":5}},"130":{"start":{"line":311,"column":6},"end":{"line":311,"column":62}},"131":{"start":{"line":314,"column":4},"end":{"line":314,"column":63}},"132":{"start":{"line":316,"column":4},"end":{"line":316,"column":67}},"133":{"start":{"line":320,"column":0},"end":{"line":328,"column":2}},"134":{"start":{"line":321,"column":2},"end":{"line":327,"column":3}},"135":{"start":{"line":322,"column":19},"end":{"line":322,"column":29}},"136":{"start":{"line":323,"column":21},"end":{"line":323,"column":116}},"137":{"start":{"line":324,"column":4},"end":{"line":324,"column":64}},"138":{"start":{"line":326,"column":4},"end":{"line":326,"column":67}},"139":{"start":{"line":330,"column":23},"end":{"line":330,"column":53}},"140":{"start":{"line":331,"column":27},"end":{"line":331,"column":52}},"141":{"start":{"line":334,"column":0},"end":{"line":484,"column":2}},"142":{"start":{"line":335,"column":2},"end":{"line":483,"column":3}},"143":{"start":{"line":336,"column":45},"end":{"line":336,"column":54}},"144":{"start":{"line":337,"column":24},"end":{"line":337,"column":40}},"145":{"start":{"line":340,"column":19},"end":{"line":340,"column":21}},"146":{"start":{"line":341,"column":4},"end":{"line":345,"column":5}},"147":{"start":{"line":342,"column":6},"end":{"line":342,"column":28}},"148":{"start":{"line":343,"column":6},"end":{"line":343,"column":65}},"149":{"start":{"line":343,"column":21},"end":{"line":343,"column":65}},"150":{"start":{"line":344,"column":6},"end":{"line":344,"column":61}},"151":{"start":{"line":344,"column":19},"end":{"line":344,"column":61}},"152":{"start":{"line":346,"column":4},"end":{"line":346,"column":45}},"153":{"start":{"line":346,"column":18},"end":{"line":346,"column":45}},"154":{"start":{"line":349,"column":21},"end":{"line":349,"column":58}},"155":{"start":{"line":350,"column":4},"end":{"line":360,"column":5}},"156":{"start":{"line":351,"column":25},"end":{"line":351,"column":56}},"157":{"start":{"line":352,"column":6},"end":{"line":359,"column":7}},"158":{"start":{"line":353,"column":8},"end":{"line":353,"column":57}},"159":{"start":{"line":354,"column":8},"end":{"line":358,"column":11}},"160":{"start":{"line":363,"column":21},"end":{"line":375,"column":6}},"161":{"start":{"line":378,"column":24},"end":{"line":398,"column":6}},"162":{"start":{"line":401,"column":23},"end":{"line":413,"column":6}},"163":{"start":{"line":416,"column":25},"end":{"line":425,"column":6}},"164":{"start":{"line":428,"column":24},"end":{"line":458,"column":6}},"165":{"start":{"line":460,"column":19},"end":{"line":467,"column":5}},"166":{"start":{"line":470,"column":4},"end":{"line":472,"column":5}},"167":{"start":{"line":471,"column":6},"end":{"line":471,"column":69}},"168":{"start":{"line":474,"column":4},"end":{"line":478,"column":7}},"169":{"start":{"line":481,"column":4},"end":{"line":481,"column":56}},"170":{"start":{"line":482,"column":4},"end":{"line":482,"column":85}},"171":{"start":{"line":486,"column":0},"end":{"line":496,"column":2}},"172":{"start":{"line":487,"column":2},"end":{"line":495,"column":3}},"173":{"start":{"line":488,"column":28},"end":{"line":488,"column":36}},"174":{"start":{"line":489,"column":4},"end":{"line":489,"column":106}},"175":{"start":{"line":489,"column":22},"end":{"line":489,"column":106}},"176":{"start":{"line":491,"column":21},"end":{"line":491,"column":62}},"177":{"start":{"line":492,"column":4},"end":{"line":492,"column":64}},"178":{"start":{"line":494,"column":4},"end":{"line":494,"column":67}},"179":{"start":{"line":498,"column":0},"end":{"line":509,"column":2}},"180":{"start":{"line":499,"column":2},"end":{"line":508,"column":3}},"181":{"start":{"line":500,"column":19},"end":{"line":503,"column":35}},"182":{"start":{"line":505,"column":4},"end":{"line":505,"column":62}},"183":{"start":{"line":507,"column":4},"end":{"line":507,"column":67}},"184":{"start":{"line":511,"column":0},"end":{"line":527,"column":2}},"185":{"start":{"line":512,"column":2},"end":{"line":526,"column":3}},"186":{"start":{"line":513,"column":48},"end":{"line":513,"column":56}},"187":{"start":{"line":514,"column":18},"end":{"line":519,"column":21}},"188":{"start":{"line":521,"column":4},"end":{"line":521,"column":76}},"189":{"start":{"line":521,"column":16},"end":{"line":521,"column":76}},"190":{"start":{"line":523,"column":4},"end":{"line":523,"column":61}},"191":{"start":{"line":525,"column":4},"end":{"line":525,"column":67}}},"fnMap":{"0":{"name":"(anonymous_0)","decl":{"start":{"line":16,"column":19},"end":{"line":16,"column":20}},"loc":{"start":{"line":16,"column":41},"end":{"line":21,"column":1}},"line":16},"1":{"name":"(anonymous_1)","decl":{"start":{"line":23,"column":23},"end":{"line":23,"column":24}},"loc":{"start":{"line":23,"column":43},"end":{"line":62,"column":1}},"line":23},"2":{"name":"(anonymous_2)","decl":{"start":{"line":43,"column":56},"end":{"line":43,"column":57}},"loc":{"start":{"line":43,"column":73},"end":{"line":56,"column":5}},"line":43},"3":{"name":"(anonymous_3)","decl":{"start":{"line":50,"column":27},"end":{"line":50,"column":28}},"loc":{"start":{"line":50,"column":34},"end":{"line":50,"column":47}},"line":50},"4":{"name":"(anonymous_4)","decl":{"start":{"line":53,"column":34},"end":{"line":53,"column":35}},"loc":{"start":{"line":53,"column":39},"end":{"line":53,"column":63}},"line":53},"5":{"name":"(anonymous_5)","decl":{"start":{"line":54,"column":37},"end":{"line":54,"column":38}},"loc":{"start":{"line":54,"column":42},"end":{"line":54,"column":69}},"line":54},"6":{"name":"(anonymous_6)","decl":{"start":{"line":64,"column":19},"end":{"line":64,"column":20}},"loc":{"start":{"line":64,"column":39},"end":{"line":101,"column":1}},"line":64},"7":{"name":"(anonymous_7)","decl":{"start":{"line":93,"column":27},"end":{"line":93,"column":28}},"loc":{"start":{"line":93,"column":34},"end":{"line":93,"column":47}},"line":93},"8":{"name":"(anonymous_8)","decl":{"start":{"line":105,"column":22},"end":{"line":105,"column":23}},"loc":{"start":{"line":105,"column":42},"end":{"line":207,"column":1}},"line":105},"9":{"name":"(anonymous_9)","decl":{"start":{"line":183,"column":41},"end":{"line":183,"column":42}},"loc":{"start":{"line":183,"column":50},"end":{"line":188,"column":7}},"line":183},"10":{"name":"(anonymous_10)","decl":{"start":{"line":209,"column":28},"end":{"line":209,"column":29}},"loc":{"start":{"line":209,"column":48},"end":{"line":233,"column":1}},"line":209},"11":{"name":"(anonymous_11)","decl":{"start":{"line":235,"column":22},"end":{"line":235,"column":23}},"loc":{"start":{"line":235,"column":42},"end":{"line":271,"column":1}},"line":235},"12":{"name":"(anonymous_12)","decl":{"start":{"line":273,"column":21},"end":{"line":273,"column":22}},"loc":{"start":{"line":273,"column":41},"end":{"line":318,"column":1}},"line":273},"13":{"name":"(anonymous_13)","decl":{"start":{"line":320,"column":22},"end":{"line":320,"column":23}},"loc":{"start":{"line":320,"column":42},"end":{"line":328,"column":1}},"line":320},"14":{"name":"(anonymous_14)","decl":{"start":{"line":334,"column":23},"end":{"line":334,"column":24}},"loc":{"start":{"line":334,"column":43},"end":{"line":484,"column":1}},"line":334},"15":{"name":"(anonymous_15)","decl":{"start":{"line":486,"column":23},"end":{"line":486,"column":24}},"loc":{"start":{"line":486,"column":43},"end":{"line":496,"column":1}},"line":486},"16":{"name":"(anonymous_16)","decl":{"start":{"line":498,"column":24},"end":{"line":498,"column":25}},"loc":{"start":{"line":498,"column":44},"end":{"line":509,"column":1}},"line":498},"17":{"name":"(anonymous_17)","decl":{"start":{"line":511,"column":27},"end":{"line":511,"column":28}},"loc":{"start":{"line":511,"column":47},"end":{"line":527,"column":1}},"line":511}},"branchMap":{"0":{"loc":{"start":{"line":18,"column":2},"end":{"line":20,"column":3}},"type":"if","locations":[{"start":{"line":18,"column":2},"end":{"line":20,"column":3}},{"start":{},"end":{}}],"line":18},"1":{"loc":{"start":{"line":27,"column":4},"end":{"line":27,"column":45}},"type":"if","locations":[{"start":{"line":27,"column":4},"end":{"line":27,"column":45}},{"start":{},"end":{}}],"line":27},"2":{"loc":{"start":{"line":28,"column":4},"end":{"line":28,"column":39}},"type":"if","locations":[{"start":{"line":28,"column":4},"end":{"line":28,"column":39}},{"start":{},"end":{}}],"line":28},"3":{"loc":{"start":{"line":29,"column":4},"end":{"line":29,"column":45}},"type":"if","locations":[{"start":{"line":29,"column":4},"end":{"line":29,"column":45}},{"start":{},"end":{}}],"line":29},"4":{"loc":{"start":{"line":30,"column":4},"end":{"line":32,"column":5}},"type":"if","locations":[{"start":{"line":30,"column":4},"end":{"line":32,"column":5}},{"start":{},"end":{}}],"line":30},"5":{"loc":{"start":{"line":30,"column":8},"end":{"line":30,"column":67}},"type":"binary-expr","locations":[{"start":{"line":30,"column":8},"end":{"line":30,"column":19}},{"start":{"line":30,"column":23},"end":{"line":30,"column":67}}],"line":30},"6":{"loc":{"start":{"line":38,"column":4},"end":{"line":38,"column":52}},"type":"if","locations":[{"start":{"line":38,"column":4},"end":{"line":38,"column":52}},{"start":{},"end":{}}],"line":38},"7":{"loc":{"start":{"line":70,"column":4},"end":{"line":75,"column":5}},"type":"if","locations":[{"start":{"line":70,"column":4},"end":{"line":75,"column":5}},{"start":{"line":72,"column":11},"end":{"line":75,"column":5}}],"line":70},"8":{"loc":{"start":{"line":82,"column":4},"end":{"line":82,"column":76}},"type":"if","locations":[{"start":{"line":82,"column":4},"end":{"line":82,"column":76}},{"start":{},"end":{}}],"line":82},"9":{"loc":{"start":{"line":114,"column":16},"end":{"line":114,"column":45}},"type":"binary-expr","locations":[{"start":{"line":114,"column":16},"end":{"line":114,"column":24}},{"start":{"line":114,"column":28},"end":{"line":114,"column":45}}],"line":114},"10":{"loc":{"start":{"line":123,"column":24},"end":{"line":123,"column":50}},"type":"cond-expr","locations":[{"start":{"line":123,"column":45},"end":{"line":123,"column":46}},{"start":{"line":123,"column":49},"end":{"line":123,"column":50}}],"line":123},"11":{"loc":{"start":{"line":126,"column":16},"end":{"line":126,"column":45}},"type":"binary-expr","locations":[{"start":{"line":126,"column":16},"end":{"line":126,"column":24}},{"start":{"line":126,"column":28},"end":{"line":126,"column":45}}],"line":126},"12":{"loc":{"start":{"line":128,"column":26},"end":{"line":128,"column":66}},"type":"cond-expr","locations":[{"start":{"line":128,"column":37},"end":{"line":128,"column":62}},{"start":{"line":128,"column":65},"end":{"line":128,"column":66}}],"line":128},"13":{"loc":{"start":{"line":134,"column":37},"end":{"line":134,"column":66}},"type":"binary-expr","locations":[{"start":{"line":134,"column":37},"end":{"line":134,"column":45}},{"start":{"line":134,"column":49},"end":{"line":134,"column":66}}],"line":134},"14":{"loc":{"start":{"line":141,"column":27},"end":{"line":141,"column":56}},"type":"binary-expr","locations":[{"start":{"line":141,"column":27},"end":{"line":141,"column":35}},{"start":{"line":141,"column":39},"end":{"line":141,"column":56}}],"line":141},"15":{"loc":{"start":{"line":142,"column":22},"end":{"line":142,"column":51}},"type":"binary-expr","locations":[{"start":{"line":142,"column":22},"end":{"line":142,"column":30}},{"start":{"line":142,"column":34},"end":{"line":142,"column":51}}],"line":142},"16":{"loc":{"start":{"line":148,"column":16},"end":{"line":148,"column":106}},"type":"cond-expr","locations":[{"start":{"line":148,"column":83},"end":{"line":148,"column":99}},{"start":{"line":148,"column":102},"end":{"line":148,"column":106}}],"line":148},"17":{"loc":{"start":{"line":148,"column":17},"end":{"line":148,"column":79}},"type":"binary-expr","locations":[{"start":{"line":148,"column":17},"end":{"line":148,"column":39}},{"start":{"line":148,"column":43},"end":{"line":148,"column":60}},{"start":{"line":148,"column":64},"end":{"line":148,"column":79}}],"line":148},"18":{"loc":{"start":{"line":149,"column":16},"end":{"line":149,"column":110}},"type":"cond-expr","locations":[{"start":{"line":149,"column":86},"end":{"line":149,"column":103}},{"start":{"line":149,"column":106},"end":{"line":149,"column":110}}],"line":149},"19":{"loc":{"start":{"line":149,"column":17},"end":{"line":149,"column":82}},"type":"binary-expr","locations":[{"start":{"line":149,"column":17},"end":{"line":149,"column":40}},{"start":{"line":149,"column":44},"end":{"line":149,"column":62}},{"start":{"line":149,"column":66},"end":{"line":149,"column":82}}],"line":149},"20":{"loc":{"start":{"line":151,"column":4},"end":{"line":153,"column":5}},"type":"if","locations":[{"start":{"line":151,"column":4},"end":{"line":153,"column":5}},{"start":{},"end":{}}],"line":151},"21":{"loc":{"start":{"line":151,"column":8},"end":{"line":151,"column":30}},"type":"binary-expr","locations":[{"start":{"line":151,"column":8},"end":{"line":151,"column":16}},{"start":{"line":151,"column":20},"end":{"line":151,"column":30}}],"line":151},"22":{"loc":{"start":{"line":154,"column":4},"end":{"line":156,"column":5}},"type":"if","locations":[{"start":{"line":154,"column":4},"end":{"line":156,"column":5}},{"start":{},"end":{}}],"line":154},"23":{"loc":{"start":{"line":154,"column":8},"end":{"line":154,"column":31}},"type":"binary-expr","locations":[{"start":{"line":154,"column":8},"end":{"line":154,"column":17}},{"start":{"line":154,"column":21},"end":{"line":154,"column":31}}],"line":154},"24":{"loc":{"start":{"line":161,"column":16},"end":{"line":161,"column":45}},"type":"binary-expr","locations":[{"start":{"line":161,"column":16},"end":{"line":161,"column":24}},{"start":{"line":161,"column":28},"end":{"line":161,"column":45}}],"line":161},"25":{"loc":{"start":{"line":167,"column":30},"end":{"line":167,"column":64}},"type":"cond-expr","locations":[{"start":{"line":167,"column":43},"end":{"line":167,"column":57}},{"start":{"line":167,"column":60},"end":{"line":167,"column":64}}],"line":167},"26":{"loc":{"start":{"line":176,"column":20},"end":{"line":176,"column":70}},"type":"cond-expr","locations":[{"start":{"line":176,"column":41},"end":{"line":176,"column":63}},{"start":{"line":176,"column":66},"end":{"line":176,"column":70}}],"line":176},"27":{"loc":{"start":{"line":182,"column":4},"end":{"line":190,"column":5}},"type":"if","locations":[{"start":{"line":182,"column":4},"end":{"line":190,"column":5}},{"start":{},"end":{}}],"line":182},"28":{"loc":{"start":{"line":182,"column":8},"end":{"line":182,"column":41}},"type":"binary-expr","locations":[{"start":{"line":182,"column":8},"end":{"line":182,"column":17}},{"start":{"line":182,"column":21},"end":{"line":182,"column":41}}],"line":182},"29":{"loc":{"start":{"line":214,"column":19},"end":{"line":214,"column":60}},"type":"cond-expr","locations":[{"start":{"line":214,"column":43},"end":{"line":214,"column":53}},{"start":{"line":214,"column":56},"end":{"line":214,"column":60}}],"line":214},"30":{"loc":{"start":{"line":217,"column":4},"end":{"line":217,"column":76}},"type":"if","locations":[{"start":{"line":217,"column":4},"end":{"line":217,"column":76}},{"start":{},"end":{}}],"line":217},"31":{"loc":{"start":{"line":223,"column":15},"end":{"line":223,"column":42}},"type":"binary-expr","locations":[{"start":{"line":223,"column":15},"end":{"line":223,"column":22}},{"start":{"line":223,"column":26},"end":{"line":223,"column":42}}],"line":223},"32":{"loc":{"start":{"line":244,"column":17},"end":{"line":244,"column":38}},"type":"binary-expr","locations":[{"start":{"line":244,"column":17},"end":{"line":244,"column":26}},{"start":{"line":244,"column":30},"end":{"line":244,"column":38}}],"line":244},"33":{"loc":{"start":{"line":247,"column":4},"end":{"line":265,"column":5}},"type":"if","locations":[{"start":{"line":247,"column":4},"end":{"line":265,"column":5}},{"start":{"line":250,"column":11},"end":{"line":265,"column":5}}],"line":247},"34":{"loc":{"start":{"line":254,"column":19},"end":{"line":254,"column":40}},"type":"binary-expr","locations":[{"start":{"line":254,"column":19},"end":{"line":254,"column":28}},{"start":{"line":254,"column":32},"end":{"line":254,"column":40}}],"line":254},"35":{"loc":{"start":{"line":259,"column":6},"end":{"line":262,"column":7}},"type":"if","locations":[{"start":{"line":259,"column":6},"end":{"line":262,"column":7}},{"start":{},"end":{}}],"line":259},"36":{"loc":{"start":{"line":261,"column":8},"end":{"line":261,"column":76}},"type":"if","locations":[{"start":{"line":261,"column":8},"end":{"line":261,"column":76}},{"start":{},"end":{}}],"line":261},"37":{"loc":{"start":{"line":286,"column":19},"end":{"line":286,"column":58}},"type":"binary-expr","locations":[{"start":{"line":286,"column":19},"end":{"line":286,"column":37}},{"start":{"line":286,"column":41},"end":{"line":286,"column":58}}],"line":286},"38":{"loc":{"start":{"line":293,"column":4},"end":{"line":299,"column":5}},"type":"if","locations":[{"start":{"line":293,"column":4},"end":{"line":299,"column":5}},{"start":{},"end":{}}],"line":293},"39":{"loc":{"start":{"line":301,"column":4},"end":{"line":306,"column":5}},"type":"if","locations":[{"start":{"line":301,"column":4},"end":{"line":306,"column":5}},{"start":{},"end":{}}],"line":301},"40":{"loc":{"start":{"line":304,"column":17},"end":{"line":304,"column":76}},"type":"binary-expr","locations":[{"start":{"line":304,"column":17},"end":{"line":304,"column":33}},{"start":{"line":304,"column":37},"end":{"line":304,"column":76}}],"line":304},"41":{"loc":{"start":{"line":310,"column":4},"end":{"line":312,"column":5}},"type":"if","locations":[{"start":{"line":310,"column":4},"end":{"line":312,"column":5}},{"start":{},"end":{}}],"line":310},"42":{"loc":{"start":{"line":310,"column":8},"end":{"line":310,"column":81}},"type":"binary-expr","locations":[{"start":{"line":310,"column":8},"end":{"line":310,"column":13}},{"start":{"line":310,"column":17},"end":{"line":310,"column":34}},{"start":{"line":310,"column":38},"end":{"line":310,"column":81}}],"line":310},"43":{"loc":{"start":{"line":341,"column":4},"end":{"line":345,"column":5}},"type":"if","locations":[{"start":{"line":341,"column":4},"end":{"line":345,"column":5}},{"start":{},"end":{}}],"line":341},"44":{"loc":{"start":{"line":341,"column":8},"end":{"line":341,"column":28}},"type":"binary-expr","locations":[{"start":{"line":341,"column":8},"end":{"line":341,"column":17}},{"start":{"line":341,"column":21},"end":{"line":341,"column":28}}],"line":341},"45":{"loc":{"start":{"line":343,"column":6},"end":{"line":343,"column":65}},"type":"if","locations":[{"start":{"line":343,"column":6},"end":{"line":343,"column":65}},{"start":{},"end":{}}],"line":343},"46":{"loc":{"start":{"line":344,"column":6},"end":{"line":344,"column":61}},"type":"if","locations":[{"start":{"line":344,"column":6},"end":{"line":344,"column":61}},{"start":{},"end":{}}],"line":344},"47":{"loc":{"start":{"line":346,"column":4},"end":{"line":346,"column":45}},"type":"if","locations":[{"start":{"line":346,"column":4},"end":{"line":346,"column":45}},{"start":{},"end":{}}],"line":346},"48":{"loc":{"start":{"line":350,"column":4},"end":{"line":360,"column":5}},"type":"if","locations":[{"start":{"line":350,"column":4},"end":{"line":360,"column":5}},{"start":{},"end":{}}],"line":350},"49":{"loc":{"start":{"line":352,"column":6},"end":{"line":359,"column":7}},"type":"if","locations":[{"start":{"line":352,"column":6},"end":{"line":359,"column":7}},{"start":{},"end":{}}],"line":352},"50":{"loc":{"start":{"line":470,"column":4},"end":{"line":472,"column":5}},"type":"if","locations":[{"start":{"line":470,"column":4},"end":{"line":472,"column":5}},{"start":{},"end":{}}],"line":470},"51":{"loc":{"start":{"line":489,"column":4},"end":{"line":489,"column":106}},"type":"if","locations":[{"start":{"line":489,"column":4},"end":{"line":489,"column":106}},{"start":{},"end":{}}],"line":489},"52":{"loc":{"start":{"line":518,"column":32},"end":{"line":518,"column":53}},"type":"cond-expr","locations":[{"start":{"line":518,"column":46},"end":{"line":518,"column":47}},{"start":{"line":518,"column":50},"end":{"line":518,"column":53}}],"line":518},"53":{"loc":{"start":{"line":521,"column":4},"end":{"line":521,"column":76}},"type":"if","locations":[{"start":{"line":521,"column":4},"end":{"line":521,"column":76}},{"start":{},"end":{}}],"line":521}},"s":{"0":1,"1":1,"2":1,"3":1,"4":1,"5":1,"6":1,"7":1,"8":1,"9":1,"10":1,"11":1,"12":1,"13":1,"14":0,"15":0,"16":0,"17":1,"18":0,"19":0,"20":0,"21":0,"22":0,"23":0,"24":0,"25":0,"26":0,"27":0,"28":0,"29":0,"30":0,"31":0,"32":0,"33":0,"34":0,"35":0,"36":0,"37":0,"38":0,"39":0,"40":0,"41":0,"42":0,"43":1,"44":0,"45":0,"46":0,"47":0,"48":0,"49":0,"50":0,"51":0,"52":0,"53":0,"54":0,"55":0,"56":0,"57":0,"58":1,"59":1,"60":0,"61":0,"62":0,"63":0,"64":0,"65":0,"66":0,"67":0,"68":0,"69":0,"70":0,"71":0,"72":0,"73":0,"74":0,"75":0,"76":0,"77":0,"78":0,"79":0,"80":0,"81":0,"82":0,"83":0,"84":0,"85":0,"86":0,"87":0,"88":1,"89":0,"90":0,"91":0,"92":0,"93":0,"94":0,"95":0,"96":0,"97":0,"98":1,"99":0,"100":0,"101":0,"102":0,"103":0,"104":0,"105":0,"106":0,"107":0,"108":0,"109":0,"110":0,"111":0,"112":0,"113":0,"114":0,"115":0,"116":1,"117":0,"118":0,"119":0,"120":0,"121":0,"122":0,"123":0,"124":0,"125":0,"126":0,"127":0,"128":0,"129":0,"130":0,"131":0,"132":0,"133":1,"134":0,"135":0,"136":0,"137":0,"138":0,"139":1,"140":1,"141":1,"142":0,"143":0,"144":0,"145":0,"146":0,"147":0,"148":0,"149":0,"150":0,"151":0,"152":0,"153":0,"154":0,"155":0,"156":0,"157":0,"158":0,"159":0,"160":0,"161":0,"162":0,"163":0,"164":0,"165":0,"166":0,"167":0,"168":0,"169":0,"170":0,"171":1,"172":0,"173":0,"174":0,"175":0,"176":0,"177":0,"178":0,"179":1,"180":0,"181":0,"182":0,"183":0,"184":1,"185":0,"186":0,"187":0,"188":0,"189":0,"190":0,"191":0},"f":{"0":0,"1":0,"2":0,"3":0,"4":0,"5":0,"6":0,"7":0,"8":0,"9":0,"10":0,"11":0,"12":0,"13":0,"14":0,"15":0,"16":0,"17":0},"b":{"0":[0,0],"1":[0,0],"2":[0,0],"3":[0,0],"4":[0,0],"5":[0,0],"6":[0,0],"7":[0,0],"8":[0,0],"9":[0,0],"10":[0,0],"11":[0,0],"12":[0,0],"13":[0,0],"14":[0,0],"15":[0,0],"16":[0,0],"17":[0,0,0],"18":[0,0],"19":[0,0,0],"20":[0,0],"21":[0,0],"22":[0,0],"23":[0,0],"24":[0,0],"25":[0,0],"26":[0,0],"27":[0,0],"28":[0,0],"29":[0,0],"30":[0,0],"31":[0,0],"32":[0,0],"33":[0,0],"34":[0,0],"35":[0,0],"36":[0,0],"37":[0,0],"38":[0,0],"39":[0,0],"40":[0,0],"41":[0,0],"42":[0,0,0],"43":[0,0],"44":[0,0],"45":[0,0],"46":[0,0],"47":[0,0],"48":[0,0],"49":[0,0],"50":[0,0],"51":[0,0],"52":[0,0],"53":[0,0]},"_coverageSchema":"1a1c01bbd47fc00a2c39e90264f33305004495a9","hash":"e69c6b272c49bd62b2bfd5c7c319e696c6aa82cc"}
,"C:\\Users\\Admin\\Videos\\civic-care-main-master\\controllers\\webhookController.js": {"path":"C:\\Users\\Admin\\Videos\\civic-care-main-master\\controllers\\webhookController.js","statementMap":{"0":{"start":{"line":1,"column":24},"end":{"line":1,"column":62}},"1":{"start":{"line":2,"column":24},"end":{"line":2,"column":62}},"2":{"start":{"line":4,"column":0},"end":{"line":14,"column":2}},"3":{"start":{"line":5,"column":2},"end":{"line":13,"column":3}},"4":{"start":{"line":8,"column":4},"end":{"line":8,"column":45}},"5":{"start":{"line":9,"column":4},"end":{"line":9,"column":24}},"6":{"start":{"line":11,"column":4},"end":{"line":11,"column":52}},"7":{"start":{"line":12,"column":4},"end":{"line":12,"column":46}},"8":{"start":{"line":12,"column":26},"end":{"line":12,"column":46}},"9":{"start":{"line":16,"column":0},"end":{"line":23,"column":2}},"10":{"start":{"line":17,"column":2},"end":{"line":22,"column":3}},"11":{"start":{"line":18,"column":4},"end":{"line":18,"column":51}},"12":{"start":{"line":20,"column":4},"end":{"line":20,"column":51}},"13":{"start":{"line":21,"column":4},"end":{"line":21,"column":24}},"14":{"start":{"line":25,"column":0},"end":{"line":34,"column":2}},"15":{"start":{"line":26,"column":2},"end":{"line":33,"column":3}},"16":{"start":{"line":28,"column":4},"end":{"line":28,"column":45}},"17":{"start":{"line":29,"column":4},"end":{"line":29,"column":24}},"18":{"start":{"line":31,"column":4},"end":{"line":31,"column":52}},"19":{"start":{"line":32,"column":4},"end":{"line":32,"column":46}},"20":{"start":{"line":32,"column":26},"end":{"line":32,"column":46}}},"fnMap":{"0":{"name":"(anonymous_0)","decl":{"start":{"line":4,"column":26},"end":{"line":4,"column":27}},"loc":{"start":{"line":4,"column":46},"end":{"line":14,"column":1}},"line":4},"1":{"name":"(anonymous_1)","decl":{"start":{"line":16,"column":25},"end":{"line":16,"column":26}},"loc":{"start":{"line":16,"column":39},"end":{"line":23,"column":1}},"line":16},"2":{"name":"(anonymous_2)","decl":{"start":{"line":25,"column":26},"end":{"line":25,"column":27}},"loc":{"start":{"line":25,"column":46},"end":{"line":34,"column":1}},"line":25}},"branchMap":{"0":{"loc":{"start":{"line":12,"column":4},"end":{"line":12,"column":46}},"type":"if","locations":[{"start":{"line":12,"column":4},"end":{"line":12,"column":46}},{"start":{},"end":{}}],"line":12},"1":{"loc":{"start":{"line":32,"column":4},"end":{"line":32,"column":46}},"type":"if","locations":[{"start":{"line":32,"column":4},"end":{"line":32,"column":46}},{"start":{},"end":{}}],"line":32}},"s":{"0":1,"1":1,"2":1,"3":0,"4":0,"5":0,"6":0,"7":0,"8":0,"9":1,"10":0,"11":0,"12":0,"13":0,"14":1,"15":0,"16":0,"17":0,"18":0,"19":0,"20":0},"f":{"0":0,"1":0,"2":0},"b":{"0":[0,0],"1":[0,0]},"_coverageSchema":"1a1c01bbd47fc00a2c39e90264f33305004495a9","hash":"32cc99e93106bf12fcc97526d06ba8b23fba2633"}
,"C:\\Users\\Admin\\Videos\\civic-care-main-master\\middleware\\authMiddleware.js": {"path":"C:\\Users\\Admin\\Videos\\civic-care-main-master\\middleware\\authMiddleware.js","statementMap":{"0":{"start":{"line":1,"column":12},"end":{"line":1,"column":35}},"1":{"start":{"line":2,"column":13},"end":{"line":2,"column":38}},"2":{"start":{"line":4,"column":0},"end":{"line":27,"column":2}},"3":{"start":{"line":5,"column":2},"end":{"line":26,"column":3}},"4":{"start":{"line":7,"column":4},"end":{"line":9,"column":5}},"5":{"start":{"line":8,"column":6},"end":{"line":8,"column":54}},"6":{"start":{"line":11,"column":4},"end":{"line":13,"column":5}},"7":{"start":{"line":12,"column":6},"end":{"line":12,"column":102}},"8":{"start":{"line":15,"column":20},"end":{"line":15,"column":61}},"9":{"start":{"line":16,"column":24},"end":{"line":16,"column":55}},"10":{"start":{"line":18,"column":4},"end":{"line":20,"column":5}},"11":{"start":{"line":19,"column":6},"end":{"line":19,"column":101}},"12":{"start":{"line":22,"column":4},"end":{"line":22,"column":27}},"13":{"start":{"line":23,"column":4},"end":{"line":23,"column":11}},"14":{"start":{"line":25,"column":4},"end":{"line":25,"column":74}},"15":{"start":{"line":29,"column":0},"end":{"line":36,"column":2}},"16":{"start":{"line":30,"column":2},"end":{"line":35,"column":4}},"17":{"start":{"line":31,"column":4},"end":{"line":33,"column":5}},"18":{"start":{"line":32,"column":6},"end":{"line":32,"column":100}},"19":{"start":{"line":34,"column":4},"end":{"line":34,"column":11}}},"fnMap":{"0":{"name":"(anonymous_0)","decl":{"start":{"line":4,"column":18},"end":{"line":4,"column":19}},"loc":{"start":{"line":4,"column":44},"end":{"line":27,"column":1}},"line":4},"1":{"name":"(anonymous_1)","decl":{"start":{"line":29,"column":21},"end":{"line":29,"column":22}},"loc":{"start":{"line":29,"column":35},"end":{"line":36,"column":1}},"line":29},"2":{"name":"(anonymous_2)","decl":{"start":{"line":30,"column":9},"end":{"line":30,"column":10}},"loc":{"start":{"line":30,"column":29},"end":{"line":35,"column":3}},"line":30}},"branchMap":{"0":{"loc":{"start":{"line":7,"column":4},"end":{"line":9,"column":5}},"type":"if","locations":[{"start":{"line":7,"column":4},"end":{"line":9,"column":5}},{"start":{},"end":{}}],
[...]
18":{"start":{"line":39,"column":10},"end":{"line":39,"column":63}},"19":{"start":{"line":44,"column":24},"end":{"line":44,"column":106}},"20":{"start":{"line":47,"column":6},"end":{"line":49,"column":7}},"21":{"start":{"line":48,"column":8},"end":{"line":48,"column":77}},"22":{"start":{"line":57,"column":4},"end":{"line":57,"column":21}},"23":{"start":{"line":57,"column":14},"end":{"line":57,"column":21}},"24":{"start":{"line":58,"column":4},"end":{"line":58,"column":37}},"25":{"start":{"line":62,"column":0},"end":{"line":62,"column":33}}},"fnMap":{"0":{"name":"(anonymous_0)","decl":{"start":{"line":12,"column":2},"end":{"line":12,"column":3}},"loc":{"start":{"line":12,"column":34},"end":{"line":51,"column":3}},"line":12},"1":{"name":"(anonymous_1)","decl":{"start":{"line":56,"column":2},"end":{"line":56,"column":3}},"loc":{"start":{"line":56,"column":31},"end":{"line":59,"column":3}},"line":56}},"branchMap":{"0":{"loc":{"start":{"line":6,"column":12},"end":{"line":6,"column":49}},"type":"cond-expr","locations":[{"start":{"line":6,"column":20},"end":{"line":6,"column":42}},{"start":{"line":6,"column":45},"end":{"line":6,"column":49}}],"line":6},"1":{"loc":{"start":{"line":13,"column":4},"end":{"line":16,"column":5}},"type":"if","locations":[{"start":{"line":13,"column":4},"end":{"line":16,"column":5}},{"start":{},"end":{}}],"line":13},"2":{"loc":{"start":{"line":21,"column":4},"end":{"line":50,"column":5}},"type":"if","locations":[{"start":{"line":21,"column":4},"end":{"line":50,"column":5}},{"start":{},"end":{}}],"line":21},"3":{"loc":{"start":{"line":26,"column":23},"end":{"line":28,"column":14}},"type":"cond-expr","locations":[{"start":{"line":27,"column":10},"end":{"line":27,"column":91}},{"start":{"line":28,"column":10},"end":{"line":28,"column":14}}],"line":26},"4":{"loc":{"start":{"line":32,"column":6},"end":{"line":41,"column":7}},"type":"if","locations":[{"start":{"line":32,"column":6},"end":{"line":41,"column":7}},{"start":{},"end":{}}],"line":32},"5":{"loc":{"start":{"line":32,"column":10},"end":{"line":32,"column":65}},"type":"binary-expr","locations":[{"start":{"line":32,"column":10},"end":{"line":32,"column":30}},{"start":{"line":32,"column":34},"end":{"line":32,"column":65}}],"line":32},"6":{"loc":{"start":{"line":47,"column":6},"end":{"line":49,"column":7}},"type":"if","locations":[{"start":{"line":47,"column":6},"end":{"line":49,"column":7}},{"start":{},"end":{}}],"line":47},"7":{"loc":{"start":{"line":57,"column":4},"end":{"line":57,"column":21}},"type":"if","locations":[{"start":{"line":57,"column":4},"end":{"line":57,"column":21}},{"start":{},"end":{}}],"line":57}},"s":{"0":1,"1":1,"2":1,"3":1,"4":0,"5":0,"6":0,"7":0,"8":0,"9":0,"10":0,"11":0,"12":0,"13":0,"14":0,"15":0,"16":0,"17":0,"18":0,"19":0,"20":0,"21":0,"22":0,"23":0,"24":0,"25":1},"f":{"0":0,"1":0},"b":{"0":[1,0],"1":[0,0],"2":[0,0],"3":[0,0],"4":[0,0],"5":[0,0],"6":[0,0],"7":[0,0]},"_coverageSchema":"1a1c01bbd47fc00a2c39e90264f33305004495a9","hash":"e20add377301221770492bb586af1a18fbc872e2"}
,"C:\\Users\\Admin\\Videos\\civic-care-main-master\\services\\whatsappService.js": {"path":"C:\\Users\\Admin\\Videos\\civic-care-main-master\\services\\whatsappService.js","statementMap":{"0":{"start":{"line":1,"column":14},"end":{"line":1,"column":30}},"1":{"start":{"line":2,"column":24},"end":{"line":2,"column":52}},"2":{"start":{"line":4,"column":23},"end":{"line":4,"column":49}},"3":{"start":{"line":5,"column":24},"end":{"line":5,"column":53}},"4":{"start":{"line":6,"column":21},"end":{"line":6,"column":54}},"5":{"start":{"line":13,"column":17},"end":{"line":13,"column":38}},"6":{"start":{"line":14,"column":18},"end":{"line":14,"column":47}},"7":{"start":{"line":15,"column":22},"end":{"line":15,"column":48}},"8":{"start":{"line":17,"column":4},"end":{"line":24,"column":5}},"9":{"start":{"line":18,"column":6},"end":{"line":23,"column":7}},"10":{"start":{"line":19,"column":8},"end":{"line":19,"column":50}},"11":{"start":{"line":20,"column":8},"end":{"line":20,"column":47}},"12":{"start":{"line":22,"column":8},"end":{"line":22,"column":35}},"13":{"start":{"line":25,"column":4},"end":{"line":25,"column":31}},"14":{"start":{"line":32,"column":4},"end":{"line":35,"column":5}},"15":{"start":{"line":33,"column":6},"end":{"line":33,"column":56}},"16":{"start":{"line":34,"column":6},"end":{"line":34,"column":13}},"17":{"start":{"line":37,"column":17},"end":{"line":37,"column":25}},"18":{"start":{"line":39,"column":4},"end":{"line":87,"column":5}},"19":{"start":{"line":40,"column":6},"end":{"line":86,"column":7}},"20":{"start":{"line":41,"column":24},"end":{"line":41,"column":66}},"21":{"start":{"line":42,"column":21},"end":{"line":42,"column":33}},"22":{"start":{"line":44,"column":19},"end":{"line":44,"column":23}},"23":{"start":{"line":45,"column":23},"end":{"line":45,"column":27}},"24":{"start":{"line":46,"column":23},"end":{"line":46,"column":27}},"25":{"start":{"line":49,"column":8},"end":{"line":51,"column":9}},"26":{"start":{"line":50,"column":10},"end":{"line":50,"column":35}},"27":{"start":{"line":54,"column":8},"end":{"line":59,"column":9}},"28":{"start":{"line":55,"column":10},"end":{"line":58,"column":12}},"29":{"start":{"line":62,"column":8},"end":{"line":77,"column":9}},"30":{"start":{"line":63,"column":10},"end":{"line":76,"column":11}},"31":{"start":{"line":65,"column":28},"end":{"line":65,"column":44}},"32":{"start":{"line":66,"column":29},"end":{"line":68,"column":14}},"33":{"start":{"line":69,"column":12},"end":{"line":69,"column":41}},"34":{"start":{"line":75,"column":12},"end":{"line":75,"column":64}},"35":{"start":{"line":80,"column":26},"end":{"line":80,"column":106}},"36":{"start":{"line":83,"column":8},"end":{"line":85,"column":9}},"37":{"start":{"line":84,"column":10},"end":{"line":84,"column":50}},"38":{"start":{"line":94,"column":4},"end":{"line":111,"column":5}},"39":{"start":{"line":95,"column":6},"end":{"line":108,"column":8}},"40":{"start":{"line":110,"column":6},"end":{"line":110,"column":75}},"41":{"start":{"line":115,"column":0},"end":{"line":115,"column":33}}},"fnMap":{"0":{"name":"(anonymous_0)","decl":{"start":{"line":12,"column":2},"end":{"line":12,"column":3}},"loc":{"start":{"line":12,"column":33},"end":{"line":26,"column":3}},"line":12},"1":{"name":"(anonymous_1)","decl":{"start":{"line":31,"column":2},"end":{"line":31,"column":3}},"loc":{"start":{"line":31,"column":34},"end":{"line":88,"column":3}},"line":31},"2":{"name":"(anonymous_2)","decl":{"start":{"line":93,"column":2},"end":{"line":93,"column":3}},"loc":{"start":{"line":93,"column":37},"end":{"line":112,"column":3}},"line":93}},"branchMap":{"0":{"loc":{"start":{"line":17,"column":4},"end":{"line":24,"column":5}},"type":"if","locations":[{"start":{"line":17,"column":4},"end":{"line":24,"column":5}},{"start":{},"end":{}}],"line":17},"1":{"loc":{"start":{"line":17,"column":8},"end":{"line":17,"column":21}},"type":"binary-expr","locations":[{"start":{"line":17,"column":8},"end":{"line":17,"column":12}},{"start":{"line":17,"column":16},"end":{"line":17,"column":21}}],"line":17},"2":{"loc":{"start":{"line":18,"column":6},"end":{"line":23,"column":7}},"type":"if","locations":[{"start":{"line":18,"column":6},"end":{"line":23,"column":7}},{"start":{"line":21,"column":13},"end":{"line":23,"column":7}}],"line":18},"3":{"loc":{"start":{"line":18,"column":10},"end":{"line":18,"column":56}},"type":"binary-expr","locations":[{"start":{"line":18,"column":10},"end":{"line":18,"column":30}},{"start":{"line":18,"column":34},"end":{"line":18,"column":56}}],"line":18},"4":{"loc":{"start":{"line":32,"column":4},"end":{"line":35,"column":5}},"type":"if","locations":[{"start":{"line":32,"column":4},"end":{"line":35,"column":5}},{"start":{},"end":{}}],"line":32},"5":{"loc":{"start":{"line":32,"column":8},"end":{"line":32,"column":43}},"type":"binary-expr","locations":[{"start":{"line":32,"column":8},"end":{"line":32,"column":23}},{"start":{"line":32,"column":27},"end":{"line":32,"column":43}}],"line":32},"6":{"loc":{"start":{"line":39,"column":4},"end":{"line":87,"column":5}},"type":"if","locations":[{"start":{"line":39,"column":4},"end":{"line":87,"column":5}},{"start":{},"end":{}}],"line":39},"7":{"loc":{"start":{"line":40,"column":6},"end":{"line":86,"column":7}},"type":"if","locations":[{"start":{"line":40,"column":6},"end":{"line":86,"column":7}},{"start":{},"end":{}}],"line":40},"8":{"loc":{"start":{"line":40,"column":10},"end":{"line":40,"column":134}},"type":"binary-expr","locations":[{"start":{"line":40,"column":10},"end":{"line":40,"column":20}},{"start":{"line":40,"column":24},"end":{"line":40,"column":45}},{"start":{"line":40,"column":49},"end":{"line":40,"column":88}},{"start":{"line":40,"column":92},"end":{"line":40,"column":134}}],"line":40},"9":{"loc":{"start":{"line":49,"column":8},"end":{"line":51,"column":9}},"type":"if","locations":[{"start":{"line":49,"column":8},"end":{"line":51,"column":9}},{"start":{},"end":{}}],"line":49},"10":{"loc":{"start":{"line":54,"column":8},"end":{"line":59,"column":9}},"type":"if","locations":[{"start":{"line":54,"column":8},"end":{"line":59,"column":9}},{"start":{},"end":{}}],"line":54},"11":{"loc":{"start":{"line":62,"column":8},"end":{"line":77,"column":9}},"type":"if","locations":[{"start":{"line":62,"column":8},"end":{"line":77,"column":9}},{"start":{},"end":{}}],"line":62},"12":{"loc":{"start":{"line":83,"column":8},"end":{"line":85,"column":9}},"type":"if","locations":[{"start":{"line":83,"column":8},"end":{"line":85,"column":9}},{"start":{},"end":{}}],"line":83},"13":{"loc":{"start":{"line":110,"column":44},"end":{"line":110,"column":73}},"type":"binary-expr","locations":[{"start":{"line":110,"column":44},"end":{"line":110,"column":60}},{"start":{"line":110,"column":64},"end":{"line":110,"column":73}}],"line":110}},"s":{"0":1,"1":1,"2":1,"3":1,"4":1,"5":0,"6":0,"7":0,"8":0,"9":0,"10":0,"11":0,"12":0,"13":0,"14":0,"15":0,"16":0,"17":0,"18":0,"19":0,"20":0,"21":0,"22":0,"23":0,"24":0,"25":0,"26":0,"27":0,"28":0,"29":0,"30":0,"31":0,"32":0,"33":0,"34":0,"35":0,"36":0,"37":0,"38":0,"39":0,"40":0,"41":1},"f":{"0":0,"1":0,"2":0},"b":{"0":[0,0],"1":[0,0],"2":[0,0],"3":[0,0],"4":[0,0],"5":[0,0],"6":[0,0],"7":[0,0],"8":[0,0,0,0],"9":[0,0],"10":[0,0],"11":[0,0],"12":[0,0],"13":[0,0]},"_coverageSchema":"1a1c01bbd47fc00a2c39e90264f33305004495a9","hash":"2a9622a7e0efd81c75309a29a01700e73c4d696c"}
,"C:\\Users\\Admin\\Videos\\civic-care-main-master\\utils\\aiService.js": {"path":"C:\\Users\\Admin\\Videos\\civic-care-main-master\\utils\\aiService.js","statementMap":{"0":{"start":{"line":1,"column":14},"end":{"line":1,"column":30}},"1":{"start":{"line":2,"column":19},"end":{"line":2,"column":107}},"2":{"start":{"line":3,"column":19},"end":{"line":3,"column":56}},"3":{"start":{"line":10,"column":0},"end":{"line":73,"column":2}},"4":{"start":{"line":11,"column":2},"end":{"line":14,"column":3}},"5":{"start":{"line":12,"column":4},"end":{"line":12,"column":90}},"6":{"start":{"line":13,"column":4},"end":{"line":13,"column":68}},"7":{"start":{"line":16,"column":2},"end":{"line":72,"column":3}},"8":{"start":{"line":17,"column":19},"end":{"line":17,"column":45}},"9":{"start":{"line":18,"column":16},"end":{"line":18,"column":123}},"10":{"start":{"line":20,"column":19},"end":{"line":33,"column":5}},"11":{"start":{"line":35,"column":20},"end":{"line":37,"column":5}},"12":{"start":{"line":39,"column":21},"end":{"line":41,"column":6}},"13":{"start":{"line":43,"column":23},"end":{"line":43,"column":48}},"14":{"start":{"line":44,"column":4},"end":{"line":46,"column":5}},"15":{"start":{"line":45,"column":6},"end":{"line":45,"column":56}},"16":{"start":{"line":48,"column":17},"end":{"line":48,"column":52}},"17":{"start":{"line":51,"column":24},"end":{"line":51,"column":50}},"18":{"start":{"line":52,"column":4},"end":{"line":54,"column":5}},"19":{"start":{"line":53,"column":6},"end":{"line":53,"column":54}},"20":{"start":{"line":56,"column":22},"end":{"line":56,"column":57}},"21":{"start":{"line":57,"column":21},"end":{"line":57,"column":42}},"22":{"start":{"line":60,"column":4},"end":{"line":60,"column":77}},"23":{"start":{"line":60,"column":49},"end":{"line":60,"column":77}},"24":{"start":{"line":61,"column":4},"end":{"line":61,"column":78}},"25":{"start":{"line":61,"column":49},"end":{"line":61,"column":78}},"26":{"start":{"line":63,"column":4},"end":{"line":68,"column":6}},"27":{"start":{"line":70,"column":4},"end":{"line":70,"column":112}},"28":{"start":{"line":71,"column":4},"end":{"line":71,"column":68}}},"fnMap":{"0":{"name":"(anonymous_0)","decl":{"start":{"line":10,"column":23},"end":{"line":10,"column":24}},"loc":{"start":{"line":10,"column":46},"end":{"line":73,"column":1}},"line":10}},"branchMap":{"0":{"loc":{"start":{"line":11,"column":2},"end":{"line":14,"column":3}},"type":"if","locations":[{"start":{"line":11,"column":2},"end":{"line":14,"column":3}},{"start":{},"end":{}}],"line":11},"1":{"loc":{"start":{"line":44,"column":4},"end":{"line":46,"column":5}},"type":"if","locations":[{"start":{"line":44,"column":4},"end":{"line":46,"column":5}},{"start":{},"end":{}}],"line":44},"2":{"loc":{"start":{"line":44,"column":8},"end":{"line":44,"column":46}},"type":"binary-expr","locations":[{"start":{"line":44,"column":8},"end":{"line":44,"column":19}},{"start":{"line":44,"column":23},"end":{"line":44,"column":46}}],"line":44},"3":{"loc":{"start":{"line":52,"column":4},"end":{"line":54,"column":5}},"type":"if","locations":[{"start":{"line":52,"column":4},"end":{"line":54,"column":5}},{"start":{},"end":{}}],"line":52},"4":{"loc":{"start":{"line":52,"column":8},"end":{"line":52,"column":48}},"type":"binary-expr","locations":[{"start":{"line":52,"column":8},"end":{"line":52,"column":20}},{"start":{"line":52,"column":24},"end":{"line":52,"column":48}}],"line":52},"5":{"loc":{"start":{"line":60,"column":4},"end":{"line":60,"column":77}},"type":"if","locations":[{"start":{"line":60,"column":4},"end":{"line":60,"column":77}},{"start":{},"end":{}}],"line":60},"6":{"loc":{"start":{"line":61,"column":4},"end":{"line":61,"column":78}},"type":"if","locations":[{"start":{"line":61,"column":4},"end":{"line":61,"column":78}},{"start":{},"end":{}}],"line":61},"7":{"loc":{"start":{"line":70,"column":42},"end":{"line":70,"column":110}},"type":"cond-expr","locations":[{"start":{"line":70,"column":59},"end":{"line":70,"column":94}},{"start":{"line":70,"column":97},"end":{"line":70,"column":110}}],"line":70}},"s":{"0":1,"1":1,"2":1,"3":1,"4":0,"5":0,"6":0,"7":0,"8":0,"9":0,"10":0,"11":0,"12":0,"13":0,"14":0,"15":0,"16":0,"17":0,"18":0,"19":0,"20":0,"21":0,"22":0,"23":0,"24":0,"25":0,"26":0,"27":0,"28":0},"f":{"0":0},"b":{"0":[0,0],"1":[0,0],"2":[0,0],"3":[0,0],"4":[0,0],"5":[0,0],"6":[0,0],"7":[0,0]},"_coverageSchema":"1a1c01bbd47fc00a2c39e90264f33305004495a9","hash":"8d161ff2a58c5fdae0b324ad5f97a0a5598a110a"}
,"C:\\Users\\Admin\\Videos\\civic-care-main-master\\utils\\cloudinary.js": {"path":"C:\\Users\\Admin\\Videos\\civic-care-main-master\\utils\\cloudinary.js","statementMap":{"0":{"start":{"line":1,"column":19},"end":{"line":1,"column":43}},"1":{"start":{"line":2,"column":30},"end":{"line":2,"column":66}},"2":{"start":{"line":3,"column":15},"end":{"line":3,"column":32}},"3":{"start":{"line":5,"column":0},"end":{"line":9,"column":3}},"4":{"start":{"line":11,"column":16},"end":{"line":24,"column":2}},"5":{"start":{"line":14,"column":4},"end":{"line":22,"column":6}},"6":{"start":{"line":26,"column":15},"end":{"line":38,"column":2}},"7":{"start":{"line":32,"column":4},"end":{"line":36,"column":5}},"8":{"start":{"line":33,"column":6},"end":{"line":33,"column":21}},"9":{"start":{"line":35,"column":6},"end":{"line":35,"column":60}},"10":{"start":{"line":41,"column":21},"end":{"line":47,"column":1}},"11":{"start":{"line":42,"column":2},"end":{"line":46,"column":5}},"12":{"start":{"line":49,"column":0},"end":{"line":49,"column":54}}},"fnMap":{"0":{"name":"(anonymous_0)","decl":{"start":{"line":13,"column":10},"end":{"line":13,"column":11}},"loc":{"start":{"line":13,"column":31},"end":{"line":23,"column":3}},"line":13},"1":{"name":"(anonymous_1)","decl":{"start":{"line":31,"column":14},"end":{"line":31,"column":15}},"loc":{"start":{"line":31,"column":33},"end":{"line":37,"column":3}},"line":31},"2":{"name":"(anonymous_2)","decl":{"start":{"line":41,"column":21},"end":{"line":41,"column":22}},"loc":{"start":{"line":41,"column":35},"end":{"line":47,"column":1}},"line":41}},"branchMap":{"0":{"loc":{"start":{"line":32,"column":4},"end":{"line":36,"column":5}},"type":"if","locations":[{"start":{"line":32,"column":4},"end":{"line":36,"column":5}},{"start":{"line":34,"column":11},"end":{"line":36,"column":5}}],"line":32}},"s":{"0":1,"1":1,"2":1,"3":1,"4":1,"5":0,"6":1,"7":0,"8":0,"9":0,"10":1,"11":0,"12":1},"f":{"0":0,"1":0,"2":0},"b":{"0":[0,0]},"_coverageSchema":"1a1c01bbd47fc00a2c39e90264f33305004495a9","hash":"2ab3a54dd1b4cafccf944287b73e54537139f857"}
,"C:\\Users\\Admin\\Videos\\civic-care-main-master\\utils\\redis.js": {"path":"C:\\Users\\Admin\\Videos\\civic-care-main-master\\utils\\redis.js","statementMap":{"0":{"start":{"line":1,"column":25},"end":{"line":1,"column":41}},"1":{"start":{"line":3,"column":18},"end":{"line":3,"column":22}},"2":{"start":{"line":5,"column":21},"end":{"line":26,"column":1}},"3":{"start":{"line":6,"column":2},"end":{"line":9,"column":3}},"4":{"start":{"line":7,"column":4},"end":{"line":7,"column":60}},"5":{"start":{"line":8,"column":4},"end":{"line":8,"column":16}},"6":{"start":{"line":11,"column":2},"end":{"line":11,"column":38}},"7":{"start":{"line":11,"column":19},"end":{"line":11,"column":38}},"8":{"start":{"line":13,"column":2},"end":{"line":13,"column":61}},"9":{"start":{"line":15,"column":2},"end":{"line":15,"column":80}},"10":{"start":{"line":15,"column":35},"end":{"line":15,"column":78}},"11":{"start":{"line":16,"column":2},"end":{"line":16,"column":75}},"12":{"start":{"line":16,"column":34},"end":{"line":16,"column":73}},"13":{"start":{"line":18,"column":2},"end":{"line":25,"column":3}},"14":{"start":{"line":19,"column":4},"end":{"line":19,"column":32}},"15":{"start":{"line":20,"column":4},"end":{"line":20,"column":23}},"16":{"start":{"line":22,"column":4},"end":{"line":22,"column":53}},"17":{"start":{"line":23,"column":4},"end":{"line":23,"column":23}},"18":{"start":{"line":24,"column":4},"end":{"line":24,"column":16}},"19":{"start":{"line":28,"column":23},"end":{"line":28,"column":40}},"20":{"start":{"line":28,"column":29},"end":{"line":28,"column":40}},"21":{"start":{"line":30,"column":0},"end":{"line":33,"column":2}}},"fnMap":{"0":{"name":"(anonymous_0)","decl":{"start":{"line":5,"column":21},"end":{"line":5,"column":22}},"loc":{"start":{"line":5,"column":33},"end":{"line":26,"column":1}},"line":5},"1":{"name":"(anonymous_1)","decl":{"start":{"line":15,"column":26},"end":{"line":15,"column":27}},"loc":{"start":{"line":15,"column":35},"end":{"line":15,"column":78}},"line":15},"2":{"name":"(anonymous_2)","decl":{"start":{"line":16,"column":28},"end":{"line":16,"column":29}},"loc":{"start":{"line":16,"column":34},"end":{"line":16,"column":73}},"line":16},"3":{"name":"(anonymous_3)","decl":{"start":{"line":28,"column":23},"end":{"line":28,"column":24}},"loc":{"start":{"line":28,"column":29},"end":{"line":28,"column":40}},"line":28}},"branchMap":{"0":{"loc":{"start":{"line":6,"column":2},"end":{"line":9,"column":3}},"type":"if","locations":[{"start":{"line":6,"column":2},"end":{"line":9,"column":3}},{"start":{},"end":{}}],"line":6},"1":{"loc":{"start":{"line":11,"column":2},"end":{"line":11,"column":38}},"type":"if","locations":[{"start":{"line":11,"column":2},"end":{"line":11,"column":38}},{"start":{},"end":{}}],"line":11}},"s":{"0":1,"1":1,"2":1,"3":0,"4":0,"5":0,"6":0,"7":0,"8":0,"9":0,"10":0,"11":0,"12":0,"13":0,"14":0,"15":0,"16":0,"17":0,"18":0,"19":1,"20":0,"21":1},"f":{"0":0,"1":0,"2":0,"3":0},"b":{"0":[0,0],"1":[0,0]},"_coverageSchema":"1a1c01bbd47fc00a2c39e90264f33305004495a9","hash":"9b39689106f7c2678bd08aa078e9ae1cb348c9bd"}
}
